This is pdfTeX, Version 3.14159265-2.6-1.40.21 (TeX Live 2020/W32TeX) (preloaded format=pdflatex 2020.12.22)  28 DEC 2020 15:49
entering extended mode
 restricted \write18 enabled.
 %&-line parsing enabled.
**frame10.tex
(./frame10.tex
LaTeX2e <2020-10-01> patch level 2
L3 programming layer <2020-12-07> xparse <2020-03-03>

! LaTeX Error: Missing \begin{document}.

See the LaTeX manual or LaTeX Companion for explanation.
Type  H <return>  for immediate help.
 ...                                              
                                                  
l.1 \begin{frame}[
                  t]{\textcolor{blue}{–ê}–Ω–∞–ª–∏–∑ —Å–≤–æ–π—Å—Ç–≤ –º–µ—Ä—ã ...

You're in trouble here.  Try typing  <return>  to proceed.
If that doesn't work, type  X <return>  to quit.

Missing character: There is no [ in font nullfont!
Missing character: There is no t in font nullfont!
Missing character: There is no ] in font nullfont!
! Undefined control sequence.
l.1 \begin{frame}[t]{\textcolor
                               {blue}{–ê}–Ω–∞–ª–∏–∑ —Å–≤–æ–π—Å—Ç–≤ –º–µ—Ä—ã ...
The control sequence at the end of the top line
of your error message was never \def'ed. If you have
misspelled it (e.g., `\hobx'), type `I' and the correct
spelling (e.g., `I\hbox'). Otherwise just continue,
and I'll forget about whatever was undefined.

Missing character: There is no b in font nullfont!
Missing character: There is no l in font nullfont!
Missing character: There is no u in font nullfont!
Missing character: There is no e in font nullfont!

! Package inputenc Error: Unicode character –ê (U+0410)
(inputenc)                not set up for use with LaTeX.

See the inputenc package documentation for explanation.
Type  H <return>  for immediate help.
 ...                                              
                                                  
l.1 \begin{frame}[t]{\textcolor{blue}{–ê
                                        }–Ω–∞–ª–∏–∑ —Å–≤–æ–π—Å—Ç–≤ –º–µ—Ä—ã ...

You may provide a definition with
\DeclareUnicodeCharacter 


! Package inputenc Error: Unicode character –Ω (U+043D)
(inputenc)                not set up for use with LaTeX.

See the inputenc package documentation for explanation.
Type  H <return>  for immediate help.
 ...                                              
                                                  
l.1 \begin{frame}[t]{\textcolor{blue}{–ê}–Ω
                                           –∞–ª–∏–∑ —Å–≤–æ–π—Å—Ç–≤ –º–µ—Ä—ã ...

You may provide a definition with
\DeclareUnicodeCharacter 


! Package inputenc Error: Unicode character –∞ (U+0430)
(inputenc)                not set up for use with LaTeX.

See the inputenc package documentation for explanation.
Type  H <return>  for immediate help.
 ...                                              
                                                  
l.1 \begin{frame}[t]{\textcolor{blue}{–ê}–Ω–∞
                                             –ª–∏–∑ —Å–≤–æ–π—Å—Ç–≤ –º–µ—Ä—ã ...

You may provide a definition with
\DeclareUnicodeCharacter 


! Package inputenc Error: Unicode character –ª (U+043B)
(inputenc)                not set up for use with LaTeX.

See the inputenc package documentation for explanation.
Type  H <return>  for immediate help.
 ...                                              
                                                  
l.1 \begin{frame}[t]{\textcolor{blue}{–ê}–Ω–∞–ª
                                               –∏–∑ —Å–≤–æ–π—Å—Ç–≤ –º–µ—Ä—ã ...

You may provide a definition with
\DeclareUnicodeCharacter 


! Package inputenc Error: Unicode character –∏ (U+0438)
(inputenc)                not set up for use with LaTeX.

See the inputenc package documentation for explanation.
Type  H <return>  for immediate help.
 ...                                              
                                                  
l.1 \begin{frame}[t]{\textcolor{blue}{–ê}–Ω–∞–ª–∏
                                                 –∑ —Å–≤–æ–π—Å—Ç–≤ –º–µ—Ä—ã ...

You may provide a definition with
\DeclareUnicodeCharacter 


! Package inputenc Error: Unicode character –∑ (U+0437)
(inputenc)                not set up for use with LaTeX.

See the inputenc package documentation for explanation.
Type  H <return>  for immediate help.
 ...                                              
                                                  
l.1 ...in{frame}[t]{\textcolor{blue}{–ê}–Ω–∞–ª–∏–∑
                                                   —Å–≤–æ–π—Å—Ç–≤ –º–µ—Ä—ã –...

You may provide a definition with
\DeclareUnicodeCharacter 


! Package inputenc Error: Unicode character —Å (U+0441)
(inputenc)                not set up for use with LaTeX.

See the inputenc package documentation for explanation.
Type  H <return>  for immediate help.
 ...                                              
                                                  
l.1 ...frame}[t]{\textcolor{blue}{–ê}–Ω–∞–ª–∏–∑ —Å
                                                  –≤–æ–π—Å—Ç–≤ –º–µ—Ä—ã –•–∞...

You may provide a definition with
\DeclareUnicodeCharacter 


! Package inputenc Error: Unicode character –≤ (U+0432)
(inputenc)                not set up for use with LaTeX.

See the inputenc package documentation for explanation.
Type  H <return>  for immediate help.
 ...                                              
                                                  
l.1 ...ame}[t]{\textcolor{blue}{–ê}–Ω–∞–ª–∏–∑ —Å–≤
                                                  –æ–π—Å—Ç–≤ –º–µ—Ä—ã –•–∞—Ä...

You may provide a definition with
\DeclareUnicodeCharacter 


! Package inputenc Error: Unicode character –æ (U+043E)
(inputenc)                not set up for use with LaTeX.

See the inputenc package documentation for explanation.
Type  H <return>  for immediate help.
 ...                                              
                                                  
l.1 ...e}[t]{\textcolor{blue}{–ê}–Ω–∞–ª–∏–∑ —Å–≤–æ
                                                  –π—Å—Ç–≤ –º–µ—Ä—ã –•–∞—Ä—Ç...

You may provide a definition with
\DeclareUnicodeCharacter 


! Package inputenc Error: Unicode character –π (U+0439)
(inputenc)                not set up for use with LaTeX.

See the inputenc package documentation for explanation.
Type  H <return>  for immediate help.
 ...                                              
                                                  
l.1 ...[t]{\textcolor{blue}{–ê}–Ω–∞–ª–∏–∑ —Å–≤–æ–π
                                                  —Å—Ç–≤ –º–µ—Ä—ã –•–∞—Ä—Ç–ª–∏}

You may provide a definition with
\DeclareUnicodeCharacter 


! Package inputenc Error: Unicode character —Å (U+0441)
(inputenc)                not set up for use with LaTeX.

See the inputenc package documentation for explanation.
Type  H <return>  for immediate help.
 ...                                              
                                                  
l.1 ...]{\textcolor{blue}{–ê}–Ω–∞–ª–∏–∑ —Å–≤–æ–π—Å
                                                  —Ç–≤ –º–µ—Ä—ã –•–∞—Ä—Ç–ª–∏}
You may provide a definition with
\DeclareUnicodeCharacter 


! Package inputenc Error: Unicode character —Ç (U+0442)
(inputenc)                not set up for use with LaTeX.

See the inputenc package documentation for explanation.
Type  H <return>  for immediate help.
 ...                                              
                                                  
l.1 ...\textcolor{blue}{–ê}–Ω–∞–ª–∏–∑ —Å–≤–æ–π—Å—Ç
                                                  –≤ –º–µ—Ä—ã –•–∞—Ä—Ç–ª–∏}
You may provide a definition with
\DeclareUnicodeCharacter 


! Package inputenc Error: Unicode character –≤ (U+0432)
(inputenc)                not set up for use with LaTeX.

See the inputenc package documentation for explanation.
Type  H <return>  for immediate help.
 ...                                              
                                                  
l.1 ...extcolor{blue}{–ê}–Ω–∞–ª–∏–∑ —Å–≤–æ–π—Å—Ç–≤
                                                   –º–µ—Ä—ã –•–∞—Ä—Ç–ª–∏}
You may provide a definition with
\DeclareUnicodeCharacter 


! Package inputenc Error: Unicode character –º (U+043C)
(inputenc)                not set up for use with LaTeX.

See the inputenc package documentation for explanation.
Type  H <return>  for immediate help.
 ...                                              
                                                  
l.1 ...color{blue}{–ê}–Ω–∞–ª–∏–∑ —Å–≤–æ–π—Å—Ç–≤ –º
                                                  –µ—Ä—ã –•–∞—Ä—Ç–ª–∏}
You may provide a definition with
\DeclareUnicodeCharacter 


! Package inputenc Error: Unicode character –µ (U+0435)
(inputenc)                not set up for use with LaTeX.

See the inputenc package documentation for explanation.
Type  H <return>  for immediate help.
 ...                                              
                                                  
l.1 ...lor{blue}{–ê}–Ω–∞–ª–∏–∑ —Å–≤–æ–π—Å—Ç–≤ –º–µ
                                                  —Ä—ã –•–∞—Ä—Ç–ª–∏}
You may provide a definition with
\DeclareUnicodeCharacter 


! Package inputenc Error: Unicode character —Ä (U+0440)
(inputenc)                not set up for use with LaTeX.

See the inputenc package documentation for explanation.
Type  H <return>  for immediate help.
 ...                                              
                                                  
l.1 ...r{blue}{–ê}–Ω–∞–ª–∏–∑ —Å–≤–æ–π—Å—Ç–≤ –º–µ—Ä
                                                  —ã –•–∞—Ä—Ç–ª–∏}
You may provide a definition with
\DeclareUnicodeCharacter 


! Package inputenc Error: Unicode character —ã (U+044B)
(inputenc)                not set up for use with LaTeX.

See the inputenc package documentation for explanation.
Type  H <return>  for immediate help.
 ...                                              
                                                  
l.1 ...blue}{–ê}–Ω–∞–ª–∏–∑ —Å–≤–æ–π—Å—Ç–≤ –º–µ—Ä—ã
                                                   –•–∞—Ä—Ç–ª–∏}
You may provide a definition with
\DeclareUnicodeCharacter 


! Package inputenc Error: Unicode character –• (U+0425)
(inputenc)                not set up for use with LaTeX.

See the inputenc package documentation for explanation.
Type  H <return>  for immediate help.
 ...                                              
                                                  
l.1 ...e}{–ê}–Ω–∞–ª–∏–∑ —Å–≤–æ–π—Å—Ç–≤ –º–µ—Ä—ã –•
                                                  –∞—Ä—Ç–ª–∏}
You may provide a definition with
\DeclareUnicodeCharacter 


! Package inputenc Error: Unicode character –∞ (U+0430)
(inputenc)                not set up for use with LaTeX.

See the inputenc package documentation for explanation.
Type  H <return>  for immediate help.
 ...                                              
                                                  
l.1 ...{–ê}–Ω–∞–ª–∏–∑ —Å–≤–æ–π—Å—Ç–≤ –º–µ—Ä—ã –•–∞
                                                  —Ä—Ç–ª–∏}
You may provide a definition with
\DeclareUnicodeCharacter 


! Package inputenc Error: Unicode character —Ä (U+0440)
(inputenc)                not set up for use with LaTeX.

See the inputenc package documentation for explanation.
Type  H <return>  for immediate help.
 ...                                              
                                                  
l.1 ...ê}–Ω–∞–ª–∏–∑ —Å–≤–æ–π—Å—Ç–≤ –º–µ—Ä—ã –•–∞—Ä
                                                  —Ç–ª–∏}
You may provide a definition with
\DeclareUnicodeCharacter 


! Package inputenc Error: Unicode character —Ç (U+0442)
(inputenc)                not set up for use with LaTeX.

See the inputenc package documentation for explanation.
Type  H <return>  for immediate help.
 ...                                              
                                                  
l.1 ...–Ω–∞–ª–∏–∑ —Å–≤–æ–π—Å—Ç–≤ –º–µ—Ä—ã –•–∞—Ä—Ç
                                                  –ª–∏}
You may provide a definition with
\DeclareUnicodeCharacter 


! Package inputenc Error: Unicode character –ª (U+043B)
(inputenc)                not set up for use with LaTeX.

See the inputenc package documentation for explanation.
Type  H <return>  for immediate help.
 ...                                              
                                                  
l.1 ...–∞–ª–∏–∑ —Å–≤–æ–π—Å—Ç–≤ –º–µ—Ä—ã –•–∞—Ä—Ç–ª
                                                  –∏}
You may provide a definition with
\DeclareUnicodeCharacter 


! Package inputenc Error: Unicode character –∏ (U+0438)
(inputenc)                not set up for use with LaTeX.

See the inputenc package documentation for explanation.
Type  H <return>  for immediate help.
 ...                                              
                                                  
l.1 ...–ª–∏–∑ —Å–≤–æ–π—Å—Ç–≤ –º–µ—Ä—ã –•–∞—Ä—Ç–ª–∏
                                                  }
You may provide a definition with
\DeclareUnicodeCharacter 


! Package inputenc Error: Unicode character –≠ (U+042D)
(inputenc)                not set up for use with LaTeX.

See the inputenc package documentation for explanation.
Type  H <return>  for immediate help.
 ...                                              
                                                  
l.2 \noindent –≠
                –∫—Å–ø–µ—Ä–∏–º–µ–Ω—Ç–∞—Ç–æ—Ä –æ–¥–Ω–æ–≤—Ä–µ–º–µ–Ω–Ω–æ –ø–æ–¥...

You may provide a definition with
\DeclareUnicodeCharacter 


! Package inputenc Error: Unicode character –∫ (U+043A)
(inputenc)                not set up for use with LaTeX.

See the inputenc package documentation for explanation.
Type  H <return>  for immediate help.
 ...                                              
                                                  
l.2 \noindent –≠–∫
                  —Å–ø–µ—Ä–∏–º–µ–Ω—Ç–∞—Ç–æ—Ä –æ–¥–Ω–æ–≤—Ä–µ–º–µ–Ω–Ω–æ –ø–æ–¥...

You may provide a definition with
\DeclareUnicodeCharacter 


! Package inputenc Error: Unicode character —Å (U+0441)
(inputenc)                not set up for use with LaTeX.

See the inputenc package documentation for explanation.
Type  H <return>  for immediate help.
 ...                                              
                                                  
l.2 \noindent –≠–∫—Å
                    –ø–µ—Ä–∏–º–µ–Ω—Ç–∞—Ç–æ—Ä –æ–¥–Ω–æ–≤—Ä–µ–º–µ–Ω–Ω–æ –ø–æ–¥...

You may provide a definition with
\DeclareUnicodeCharacter 


! Package inputenc Error: Unicode character –ø (U+043F)
(inputenc)                not set up for use with LaTeX.

See the inputenc package documentation for explanation.
Type  H <return>  for immediate help.
 ...                                              
                                                  
l.2 \noindent –≠–∫—Å–ø
                      –µ—Ä–∏–º–µ–Ω—Ç–∞—Ç–æ—Ä –æ–¥–Ω–æ–≤—Ä–µ–º–µ–Ω–Ω–æ –ø–æ–¥...

You may provide a definition with
\DeclareUnicodeCharacter 


! Package inputenc Error: Unicode character –µ (U+0435)
(inputenc)                not set up for use with LaTeX.

See the inputenc package documentation for explanation.
Type  H <return>  for immediate help.
 ...                                              
                                                  
l.2 \noindent –≠–∫—Å–ø–µ
                        —Ä–∏–º–µ–Ω—Ç–∞—Ç–æ—Ä –æ–¥–Ω–æ–≤—Ä–µ–º–µ–Ω–Ω–æ –ø–æ–¥...

You may provide a definition with
\DeclareUnicodeCharacter 


! Package inputenc Error: Unicode character —Ä (U+0440)
(inputenc)                not set up for use with LaTeX.

See the inputenc package documentation for explanation.
Type  H <return>  for immediate help.
 ...                                              
                                                  
l.2 \noindent –≠–∫—Å–ø–µ—Ä
                          –∏–º–µ–Ω—Ç–∞—Ç–æ—Ä –æ–¥–Ω–æ–≤—Ä–µ–º–µ–Ω–Ω–æ –ø–æ–¥...

You may provide a definition with
\DeclareUnicodeCharacter 


! Package inputenc Error: Unicode character –∏ (U+0438)
(inputenc)                not set up for use with LaTeX.

See the inputenc package documentation for explanation.
Type  H <return>  for immediate help.
 ...                                              
                                                  
l.2 \noindent –≠–∫—Å–ø–µ—Ä–∏
                            –º–µ–Ω—Ç–∞—Ç–æ—Ä –æ–¥–Ω–æ–≤—Ä–µ–º–µ–Ω–Ω–æ –ø–æ–¥...

You may provide a definition with
\DeclareUnicodeCharacter 


! Package inputenc Error: Unicode character –º (U+043C)
(inputenc)                not set up for use with LaTeX.

See the inputenc package documentation for explanation.
Type  H <return>  for immediate help.
 ...                                              
                                                  
l.2 \noindent –≠–∫—Å–ø–µ—Ä–∏–º
                              –µ–Ω—Ç–∞—Ç–æ—Ä –æ–¥–Ω–æ–≤—Ä–µ–º–µ–Ω–Ω–æ –ø–æ–¥...

You may provide a definition with
\DeclareUnicodeCharacter 


! Package inputenc Error: Unicode character –µ (U+0435)
(inputenc)                not set up for use with LaTeX.

See the inputenc package documentation for explanation.
Type  H <return>  for immediate help.
 ...                                              
                                                  
l.2 \noindent –≠–∫—Å–ø–µ—Ä–∏–º–µ
                                –Ω—Ç–∞—Ç–æ—Ä –æ–¥–Ω–æ–≤—Ä–µ–º–µ–Ω–Ω–æ –ø–æ–¥...

You may provide a definition with
\DeclareUnicodeCharacter 


! Package inputenc Error: Unicode character –Ω (U+043D)
(inputenc)                not set up for use with LaTeX.

See the inputenc package documentation for explanation.
Type  H <return>  for immediate help.
 ...                                              
                                                  
l.2 \noindent –≠–∫—Å–ø–µ—Ä–∏–º–µ–Ω
                                  —Ç–∞—Ç–æ—Ä –æ–¥–Ω–æ–≤—Ä–µ–º–µ–Ω–Ω–æ –ø–æ–¥...

You may provide a definition with
\DeclareUnicodeCharacter 


! Package inputenc Error: Unicode character —Ç (U+0442)
(inputenc)                not set up for use with LaTeX.

See the inputenc package documentation for explanation.
Type  H <return>  for immediate help.
 ...                                              
                                                  
l.2 \noindent –≠–∫—Å–ø–µ—Ä–∏–º–µ–Ω—Ç
                                    –∞—Ç–æ—Ä –æ–¥–Ω–æ–≤—Ä–µ–º–µ–Ω–Ω–æ –ø–æ–¥...

You may provide a definition with
\DeclareUnicodeCharacter 


! Package inputenc Error: Unicode character –∞ (U+0430)
(inputenc)                not set up for use with LaTeX.

See the inputenc package documentation for explanation.
Type  H <return>  for immediate help.
 ...                                              
                                                  
l.2 \noindent –≠–∫—Å–ø–µ—Ä–∏–º–µ–Ω—Ç–∞
                                      —Ç–æ—Ä –æ–¥–Ω–æ–≤—Ä–µ–º–µ–Ω–Ω–æ –ø–æ–¥...

You may provide a definition with
\DeclareUnicodeCharacter 


! Package inputenc Error: Unicode character —Ç (U+0442)
(inputenc)                not set up for use with LaTeX.

See the inputenc package documentation for explanation.
Type  H <return>  for immediate help.
 ...                                              
                                                  
l.2 \noindent –≠–∫—Å–ø–µ—Ä–∏–º–µ–Ω—Ç–∞—Ç
                                        –æ—Ä –æ–¥–Ω–æ–≤—Ä–µ–º–µ–Ω–Ω–æ –ø–æ–¥...

You may provide a definition with
\DeclareUnicodeCharacter 


! Package inputenc Error: Unicode character –æ (U+043E)
(inputenc)                not set up for use with LaTeX.

See the inputenc package documentation for explanation.
Type  H <return>  for immediate help.
 ...                                              
                                                  
l.2 \noindent –≠–∫—Å–ø–µ—Ä–∏–º–µ–Ω—Ç–∞—Ç–æ
                                          —Ä –æ–¥–Ω–æ–≤—Ä–µ–º–µ–Ω–Ω–æ –ø–æ–¥...

You may provide a definition with
\DeclareUnicodeCharacter 


! Package inputenc Error: Unicode character —Ä (U+0440)
(inputenc)                not set up for use with LaTeX.

See the inputenc package documentation for explanation.
Type  H <return>  for immediate help.
 ...                                              
                                                  
l.2 \noindent –≠–∫—Å–ø–µ—Ä–∏–º–µ–Ω—Ç–∞—Ç–æ—Ä
                                             –æ–¥–Ω–æ–≤—Ä–µ–º–µ–Ω–Ω–æ –ø–æ–¥...

You may provide a definition with
\DeclareUnicodeCharacter 


! Package inputenc Error: Unicode character –æ (U+043E)
(inputenc)                not set up for use with LaTeX.

See the inputenc package documentation for explanation.
Type  H <return>  for immediate help.
 ...                                              
                                                  
l.2 \noindent –≠–∫—Å–ø–µ—Ä–∏–º–µ–Ω—Ç–∞—Ç–æ—Ä –æ
                                               –¥–Ω–æ–≤—Ä–µ–º–µ–Ω–Ω–æ –ø–æ–¥...

You may provide a definition with
\DeclareUnicodeCharacter 


! Package inputenc Error: Unicode character –¥ (U+0434)
(inputenc)                not set up for use with LaTeX.

See the inputenc package documentation for explanation.
Type  H <return>  for immediate help.
 ...                                              
                                                  
l.2 \noindent –≠–∫—Å–ø–µ—Ä–∏–º–µ–Ω—Ç–∞—Ç–æ—Ä –æ–¥
                                                 –Ω–æ–≤—Ä–µ–º–µ–Ω–Ω–æ –ø–æ–¥...

You may provide a definition with
\DeclareUnicodeCharacter 


! Package inputenc Error: Unicode character –Ω (U+043D)
(inputenc)                not set up for use with LaTeX.

See the inputenc package documentation for explanation.
Type  H <return>  for immediate help.
 ...                                              
                                                  
l.2 ...ndent –≠–∫—Å–ø–µ—Ä–∏–º–µ–Ω—Ç–∞—Ç–æ—Ä –æ–¥–Ω
                                                  –æ–≤—Ä–µ–º–µ–Ω–Ω–æ –ø–æ–¥–...

You may provide a definition with
\DeclareUnicodeCharacter 


! Package inputenc Error: Unicode character –æ (U+043E)
(inputenc)                not set up for use with LaTeX.

See the inputenc package documentation for explanation.
Type  H <return>  for immediate help.
 ...                                              
                                                  
l.2 ...ent –≠–∫—Å–ø–µ—Ä–∏–º–µ–Ω—Ç–∞—Ç–æ—Ä –æ–¥–Ω–æ
                                                  –≤—Ä–µ–º–µ–Ω–Ω–æ –ø–æ–¥–±—...

You may provide a definition with
\DeclareUnicodeCharacter 


! Package inputenc Error: Unicode character –≤ (U+0432)
(inputenc)                not set up for use with LaTeX.

See the inputenc package documentation for explanation.
Type  H <return>  for immediate help.
 ...                                              
                                                  
l.2 ...t –≠–∫—Å–ø–µ—Ä–∏–º–µ–Ω—Ç–∞—Ç–æ—Ä –æ–¥–Ω–æ–≤
                                                  —Ä–µ–º–µ–Ω–Ω–æ –ø–æ–¥–±—Ä–...

You may provide a definition with
\DeclareUnicodeCharacter 


! Package inputenc Error: Unicode character —Ä (U+0440)
(inputenc)                not set up for use with LaTeX.

See the inputenc package documentation for explanation.
Type  H <return>  for immediate help.
 ...                                              
                                                  
l.2 ...–≠–∫—Å–ø–µ—Ä–∏–º–µ–Ω—Ç–∞—Ç–æ—Ä –æ–¥–Ω–æ–≤—Ä
                                                  –µ–º–µ–Ω–Ω–æ –ø–æ–¥–±—Ä–∞—...

You may provide a definition with
\DeclareUnicodeCharacter 


! Package inputenc Error: Unicode character –µ (U+0435)
(inputenc)                not set up for use with LaTeX.

See the inputenc package documentation for explanation.
Type  H <return>  for immediate help.
 ...                                              
                                                  
l.2 ...–∫—Å–ø–µ—Ä–∏–º–µ–Ω—Ç–∞—Ç–æ—Ä –æ–¥–Ω–æ–≤—Ä–µ
                                                  –º–µ–Ω–Ω–æ –ø–æ–¥–±—Ä–∞—Å—...

You may provide a definition with
\DeclareUnicodeCharacter 


! Package inputenc Error: Unicode character –º (U+043C)
(inputenc)                not set up for use with LaTeX.

See the inputenc package documentation for explanation.
Type  H <return>  for immediate help.
 ...                                              
                                                  
l.2 ...—Å–ø–µ—Ä–∏–º–µ–Ω—Ç–∞—Ç–æ—Ä –æ–¥–Ω–æ–≤—Ä–µ–º
                                                  –µ–Ω–Ω–æ –ø–æ–¥–±—Ä–∞—Å—ã–...

You may provide a definition with
\DeclareUnicodeCharacter 


! Package inputenc Error: Unicode character –µ (U+0435)
(inputenc)                not set up for use with LaTeX.

See the inputenc package documentation for explanation.
Type  H <return>  for immediate help.
 ...                                              
                                                  
l.2 ...–ø–µ—Ä–∏–º–µ–Ω—Ç–∞—Ç–æ—Ä –æ–¥–Ω–æ–≤—Ä–µ–º–µ
                                                  –Ω–Ω–æ –ø–æ–¥–±—Ä–∞—Å—ã–≤–...

You may provide a definition with
\DeclareUnicodeCharacter 


! Package inputenc Error: Unicode character –Ω (U+043D)
(inputenc)                not set up for use with LaTeX.

See the inputenc package documentation for explanation.
Type  H <return>  for immediate help.
 ...                                              
                                                  
l.2 ...–µ—Ä–∏–º–µ–Ω—Ç–∞—Ç–æ—Ä –æ–¥–Ω–æ–≤—Ä–µ–º–µ–Ω
                                                  –Ω–æ –ø–æ–¥–±—Ä–∞—Å—ã–≤–∞–...

You may provide a definition with
\DeclareUnicodeCharacter 


! Package inputenc Error: Unicode character –Ω (U+043D)
(inputenc)                not set up for use with LaTeX.

See the inputenc package documentation for explanation.
Type  H <return>  for immediate help.
 ...                                              
                                                  
l.2 ...—Ä–∏–º–µ–Ω—Ç–∞—Ç–æ—Ä –æ–¥–Ω–æ–≤—Ä–µ–º–µ–Ω–Ω
                                                  –æ –ø–æ–¥–±—Ä–∞—Å—ã–≤–∞–µ—...

You may provide a definition with
\DeclareUnicodeCharacter 


! Package inputenc Error: Unicode character –æ (U+043E)
(inputenc)                not set up for use with LaTeX.

See the inputenc package documentation for explanation.
Type  H <return>  for immediate help.
 ...                                              
                                                  
l.2 ...–∏–º–µ–Ω—Ç–∞—Ç–æ—Ä –æ–¥–Ω–æ–≤—Ä–µ–º–µ–Ω–Ω–æ
                                                   –ø–æ–¥–±—Ä–∞—Å—ã–≤–∞–µ—Ç ...

You may provide a definition with
\DeclareUnicodeCharacter 


! Package inputenc Error: Unicode character –ø (U+043F)
(inputenc)                not set up for use with LaTeX.

See the inputenc package documentation for explanation.
Type  H <return>  for immediate help.
 ...                                              
                                                  
l.2 ...º–µ–Ω—Ç–∞—Ç–æ—Ä –æ–¥–Ω–æ–≤—Ä–µ–º–µ–Ω–Ω–æ –ø
                                                  –æ–¥–±—Ä–∞—Å—ã–≤–∞–µ—Ç –º–...

You may provide a definition with
\DeclareUnicodeCharacter 


! Package inputenc Error: Unicode character –æ (U+043E)
(inputenc)                not set up for use with LaTeX.

See the inputenc package documentation for explanation.
Type  H <return>  for immediate help.
 ...                                              
                                                  
l.2 ...µ–Ω—Ç–∞—Ç–æ—Ä –æ–¥–Ω–æ–≤—Ä–µ–º–µ–Ω–Ω–æ –ø–æ
                                                  –¥–±—Ä–∞—Å—ã–≤–∞–µ—Ç –º–æ–...

You may provide a definition with
\DeclareUnicodeCharacter 


! Package inputenc Error: Unicode character –¥ (U+0434)
(inputenc)                not set up for use with LaTeX.

See the inputenc package documentation for explanation.
Type  H <return>  for immediate help.
 ...                                              
                                                  
l.2 ...Ω—Ç–∞—Ç–æ—Ä –æ–¥–Ω–æ–≤—Ä–µ–º–µ–Ω–Ω–æ –ø–æ–¥
                                                  –±—Ä–∞—Å—ã–≤–∞–µ—Ç –º–æ–Ω–...

You may provide a definition with
\DeclareUnicodeCharacter 


! Package inputenc Error: Unicode character –± (U+0431)
(inputenc)                not set up for use with LaTeX.

See the inputenc package documentation for explanation.
Type  H <return>  for immediate help.
 ...                                              
                                                  
l.2 ...Ç–∞—Ç–æ—Ä –æ–¥–Ω–æ–≤—Ä–µ–º–µ–Ω–Ω–æ –ø–æ–¥–±
                                                  —Ä–∞—Å—ã–≤–∞–µ—Ç –º–æ–Ω–µ—...

You may provide a definition with
\DeclareUnicodeCharacter 


! Package inputenc Error: Unicode character —Ä (U+0440)
(inputenc)                not set up for use with LaTeX.

See the inputenc package documentation for explanation.
Type  H <return>  for immediate help.
 ...                                              
                                                  
l.2 ...∞—Ç–æ—Ä –æ–¥–Ω–æ–≤—Ä–µ–º–µ–Ω–Ω–æ –ø–æ–¥–±—Ä
                                                  –∞—Å—ã–≤–∞–µ—Ç –º–æ–Ω–µ—Ç—...

You may provide a definition with
\DeclareUnicodeCharacter 


! Package inputenc Error: Unicode character –∞ (U+0430)
(inputenc)                not set up for use with LaTeX.

See the inputenc package documentation for explanation.
Type  H <return>  for immediate help.
 ...                                              
                                                  
l.2 ...Ç–æ—Ä –æ–¥–Ω–æ–≤—Ä–µ–º–µ–Ω–Ω–æ –ø–æ–¥–±—Ä–∞
                                                  —Å—ã–≤–∞–µ—Ç –º–æ–Ω–µ—Ç—É ...

You may provide a definition with
\DeclareUnicodeCharacter 


! Package inputenc Error: Unicode character —Å (U+0441)
(inputenc)                not set up for use with LaTeX.

See the inputenc package documentation for explanation.
Type  H <return>  for immediate help.
 ...                                              
                                                  
l.2 ...æ—Ä –æ–¥–Ω–æ–≤—Ä–µ–º–µ–Ω–Ω–æ –ø–æ–¥–±—Ä–∞—Å
                                                  —ã–≤–∞–µ—Ç –º–æ–Ω–µ—Ç—É (–...

You may provide a definition with
\DeclareUnicodeCharacter 


! Package inputenc Error: Unicode character —ã (U+044B)
(inputenc)                not set up for use with LaTeX.

See the inputenc package documentation for explanation.
Type  H <return>  for immediate help.
 ...                                              
                                                  
l.2 ...Ä –æ–¥–Ω–æ–≤—Ä–µ–º–µ–Ω–Ω–æ –ø–æ–¥–±—Ä–∞—Å—ã
                                                  –≤–∞–µ—Ç –º–æ–Ω–µ—Ç—É (–ú)...

You may provide a definition with
\DeclareUnicodeCharacter 


! Package inputenc Error: Unicode character –≤ (U+0432)
(inputenc)                not set up for use with LaTeX.

See the inputenc package documentation for explanation.
Type  H <return>  for immediate help.
 ...                                              
                                                  
l.2 ...–æ–¥–Ω–æ–≤—Ä–µ–º–µ–Ω–Ω–æ –ø–æ–¥–±—Ä–∞—Å—ã–≤
                                                  –∞–µ—Ç –º–æ–Ω–µ—Ç—É (–ú) –...

You may provide a definition with
\DeclareUnicodeCharacter 


! Package inputenc Error: Unicode character –∞ (U+0430)
(inputenc)                not set up for use with LaTeX.

See the inputenc package documentation for explanation.
Type  H <return>  for immediate help.
 ...                                              
                                                  
l.2 ...–¥–Ω–æ–≤—Ä–µ–º–µ–Ω–Ω–æ –ø–æ–¥–±—Ä–∞—Å—ã–≤–∞
                                                  –µ—Ç –º–æ–Ω–µ—Ç—É (–ú) –∏ ...

You may provide a definition with
\DeclareUnicodeCharacter 


! Package inputenc Error: Unicode character –µ (U+0435)
(inputenc)                not set up for use with LaTeX.

See the inputenc package documentation for explanation.
Type  H <return>  for immediate help.
 ...                                              
                                                  
l.2 ...–Ω–æ–≤—Ä–µ–º–µ–Ω–Ω–æ –ø–æ–¥–±—Ä–∞—Å—ã–≤–∞–µ
                                                  —Ç –º–æ–Ω–µ—Ç—É (–ú) –∏ –∫...

You may provide a definition with
\DeclareUnicodeCharacter 


! Package inputenc Error: Unicode character —Ç (U+0442)
(inputenc)                not set up for use with LaTeX.

See the inputenc package documentation for explanation.
Type  H <return>  for immediate help.
 ...                                              
                                                  
l.2 ...–æ–≤—Ä–µ–º–µ–Ω–Ω–æ –ø–æ–¥–±—Ä–∞—Å—ã–≤–∞–µ—Ç
                                                   –º–æ–Ω–µ—Ç—É (–ú) –∏ –∫–∏...

You may provide a definition with
\DeclareUnicodeCharacter 


! Package inputenc Error: Unicode character –º (U+043C)
(inputenc)                not set up for use with LaTeX.

See the inputenc package documentation for explanation.
Type  H <return>  for immediate help.
 ...                                              
                                                  
l.2 ...≤—Ä–µ–º–µ–Ω–Ω–æ –ø–æ–¥–±—Ä–∞—Å—ã–≤–∞–µ—Ç –º
                                                  –æ–Ω–µ—Ç—É (–ú) –∏ –∫–∏–¥–...

You may provide a definition with
\DeclareUnicodeCharacter 


! Package inputenc Error: Unicode character –æ (U+043E)
(inputenc)                not set up for use with LaTeX.

See the inputenc package documentation for explanation.
Type  H <return>  for immediate help.
 ...                                              
                                                  
l.2 ...Ä–µ–º–µ–Ω–Ω–æ –ø–æ–¥–±—Ä–∞—Å—ã–≤–∞–µ—Ç –º–æ
                                                  –Ω–µ—Ç—É (–ú) –∏ –∫–∏–¥–∞–...

You may provide a definition with
\DeclareUnicodeCharacter 


! Package inputenc Error: Unicode character –Ω (U+043D)
(inputenc)                not set up for use with LaTeX.

See the inputenc package documentation for explanation.
Type  H <return>  for immediate help.
 ...                                              
                                                  
l.2 ...µ–º–µ–Ω–Ω–æ –ø–æ–¥–±—Ä–∞—Å—ã–≤–∞–µ—Ç –º–æ–Ω
                                                  –µ—Ç—É (–ú) –∏ –∫–∏–¥–∞–µ—...

You may provide a definition with
\DeclareUnicodeCharacter 


! Package inputenc Error: Unicode character –µ (U+0435)
(inputenc)                not set up for use with LaTeX.

See the inputenc package documentation for explanation.
Type  H <return>  for immediate help.
 ...                                              
                                                  
l.2 ...º–µ–Ω–Ω–æ –ø–æ–¥–±—Ä–∞—Å—ã–≤–∞–µ—Ç –º–æ–Ω–µ
                                                  —Ç—É (–ú) –∏ –∫–∏–¥–∞–µ—Ç ...

You may provide a definition with
\DeclareUnicodeCharacter 


! Package inputenc Error: Unicode character —Ç (U+0442)
(inputenc)                not set up for use with LaTeX.

See the inputenc package documentation for explanation.
Type  H <return>  for immediate help.
 ...                                              
                                                  
l.2 ...µ–Ω–Ω–æ –ø–æ–¥–±—Ä–∞—Å—ã–≤–∞–µ—Ç –º–æ–Ω–µ—Ç
                                                  —É (–ú) –∏ –∫–∏–¥–∞–µ—Ç –∏...

You may provide a definition with
\DeclareUnicodeCharacter 


! Package inputenc Error: Unicode character —É (U+0443)
(inputenc)                not set up for use with LaTeX.

See the inputenc package documentation for explanation.
Type  H <return>  for immediate help.
 ...                                              
                                                  
l.2 ...Ω–Ω–æ –ø–æ–¥–±—Ä–∞—Å—ã–≤–∞–µ—Ç –º–æ–Ω–µ—Ç—É
                                                   (–ú) –∏ –∫–∏–¥–∞–µ—Ç –∏–≥...

You may provide a definition with
\DeclareUnicodeCharacter 

Missing character: There is no ( in font nullfont!

! Package inputenc Error: Unicode character –ú (U+041C)
(inputenc)                not set up for use with LaTeX.

See the inputenc package documentation for explanation.
Type  H <return>  for immediate help.
 ...                                              
                                                  
l.2 ...æ –ø–æ–¥–±—Ä–∞—Å—ã–≤–∞–µ—Ç –º–æ–Ω–µ—Ç—É (–ú
                                                  ) –∏ –∫–∏–¥–∞–µ—Ç –∏–≥—Ä–∞...

You may provide a definition with
\DeclareUnicodeCharacter 

Missing character: There is no ) in font nullfont!

! Package inputenc Error: Unicode character –∏ (U+0438)
(inputenc)                not set up for use with LaTeX.

See the inputenc package documentation for explanation.
Type  H <return>  for immediate help.
 ...                                              
                                                  
l.2 ...–æ–¥–±—Ä–∞—Å—ã–≤–∞–µ—Ç –º–æ–Ω–µ—Ç—É (–ú) –∏
                                                   –∫–∏–¥–∞–µ—Ç –∏–≥—Ä–∞–ª—å...

You may provide a definition with
\DeclareUnicodeCharacter 


! Package inputenc Error: Unicode character –∫ (U+043A)
(inputenc)                not set up for use with LaTeX.

See the inputenc package documentation for explanation.
Type  H <return>  for immediate help.
 ...                                              
                                                  
l.2 ...¥–±—Ä–∞—Å—ã–≤–∞–µ—Ç –º–æ–Ω–µ—Ç—É (–ú) –∏ –∫
                                                  –∏–¥–∞–µ—Ç –∏–≥—Ä–∞–ª—å–Ω—...

You may provide a definition with
\DeclareUnicodeCharacter 


! Package inputenc Error: Unicode character –∏ (U+0438)
(inputenc)                not set up for use with LaTeX.

See the inputenc package documentation for explanation.
Type  H <return>  for immediate help.
 ...                                              
                                                  
l.2 ...±—Ä–∞—Å—ã–≤–∞–µ—Ç –º–æ–Ω–µ—Ç—É (–ú) –∏ –∫–∏
                                                  –¥–∞–µ—Ç –∏–≥—Ä–∞–ª—å–Ω—É—...

You may provide a definition with
\DeclareUnicodeCharacter 


! Package inputenc Error: Unicode character –¥ (U+0434)
(inputenc)                not set up for use with LaTeX.

See the inputenc package documentation for explanation.
Type  H <return>  for immediate help.
 ...                                              
                                                  
l.2 ...Ä–∞—Å—ã–≤–∞–µ—Ç –º–æ–Ω–µ—Ç—É (–ú) –∏ –∫–∏–¥
                                                  –∞–µ—Ç –∏–≥—Ä–∞–ª—å–Ω—É—é ...

You may provide a definition with
\DeclareUnicodeCharacter 


! Package inputenc Error: Unicode character –∞ (U+0430)
(inputenc)                not set up for use with LaTeX.

See the inputenc package documentation for explanation.
Type  H <return>  for immediate help.
 ...                                              
                                                  
l.2 ...∞—Å—ã–≤–∞–µ—Ç –º–æ–Ω–µ—Ç—É (–ú) –∏ –∫–∏–¥–∞
                                                  –µ—Ç –∏–≥—Ä–∞–ª—å–Ω—É—é –∫...

You may provide a definition with
\DeclareUnicodeCharacter 


! Package inputenc Error: Unicode character –µ (U+0435)
(inputenc)                not set up for use with LaTeX.

See the inputenc package documentation for explanation.
Type  H <return>  for immediate help.
 ...                                              
                                                  
l.2 ...Å—ã–≤–∞–µ—Ç –º–æ–Ω–µ—Ç—É (–ú) –∏ –∫–∏–¥–∞–µ
                                                  —Ç –∏–≥—Ä–∞–ª—å–Ω—É—é –∫–æ...

You may provide a definition with
\DeclareUnicodeCharacter 


! Package inputenc Error: Unicode character —Ç (U+0442)
(inputenc)                not set up for use with LaTeX.

See the inputenc package documentation for explanation.
Type  H <return>  for immediate help.
 ...                                              
                                                  
l.2 ...ã–≤–∞–µ—Ç –º–æ–Ω–µ—Ç—É (–ú) –∏ –∫–∏–¥–∞–µ—Ç
                                                   –∏–≥—Ä–∞–ª—å–Ω—É—é –∫–æ—Å...

You may provide a definition with
\DeclareUnicodeCharacter 


! Package inputenc Error: Unicode character –∏ (U+0438)
(inputenc)                not set up for use with LaTeX.

See the inputenc package documentation for explanation.
Type  H <return>  for immediate help.
 ...                                              
                                                  
l.2 ...–∞–µ—Ç –º–æ–Ω–µ—Ç—É (–ú) –∏ –∫–∏–¥–∞–µ—Ç –∏
                                                  –≥—Ä–∞–ª—å–Ω—É—é –∫–æ—Å—Ç—...

You may provide a definition with
\DeclareUnicodeCharacter 


! Package inputenc Error: Unicode character –≥ (U+0433)
(inputenc)                not set up for use with LaTeX.

See the inputenc package documentation for explanation.
Type  H <return>  for immediate help.
 ...                                              
                                                  
l.2 ...–µ—Ç –º–æ–Ω–µ—Ç—É (–ú) –∏ –∫–∏–¥–∞–µ—Ç –∏–≥
                                                  —Ä–∞–ª—å–Ω—É—é –∫–æ—Å—Ç—å ...

You may provide a definition with
\DeclareUnicodeCharacter 


! Package inputenc Error: Unicode character —Ä (U+0440)
(inputenc)                not set up for use with LaTeX.

See the inputenc package documentation for explanation.
Type  H <return>  for immediate help.
 ...                                              
                                                  
l.2 ...—Ç –º–æ–Ω–µ—Ç—É (–ú) –∏ –∫–∏–¥–∞–µ—Ç –∏–≥—Ä
                                                  –∞–ª—å–Ω—É—é –∫–æ—Å—Ç—å (–ö).

You may provide a definition with
\DeclareUnicodeCharacter 


! Package inputenc Error: Unicode character –∞ (U+0430)
(inputenc)                not set up for use with LaTeX.

See the inputenc package documentation for explanation.
Type  H <return>  for immediate help.
 ...                                              
                                                  
l.2 ... –º–æ–Ω–µ—Ç—É (–ú) –∏ –∫–∏–¥–∞–µ—Ç –∏–≥—Ä–∞
                                                  –ª—å–Ω—É—é –∫–æ—Å—Ç—å (–ö).
You may provide a definition with
\DeclareUnicodeCharacter 


! Package inputenc Error: Unicode character –ª (U+043B)
(inputenc)                not set up for use with LaTeX.

See the inputenc package documentation for explanation.
Type  H <return>  for immediate help.
 ...                                              
                                                  
l.2 ...º–æ–Ω–µ—Ç—É (–ú) –∏ –∫–∏–¥–∞–µ—Ç –∏–≥—Ä–∞–ª
                                                  —å–Ω—É—é –∫–æ—Å—Ç—å (–ö).
You may provide a definition with
\DeclareUnicodeCharacter 


! Package inputenc Error: Unicode character —å (U+044C)
(inputenc)                not set up for use with LaTeX.

See the inputenc package documentation for explanation.
Type  H <return>  for immediate help.
 ...                                              
                                                  
l.2 ...æ–Ω–µ—Ç—É (–ú) –∏ –∫–∏–¥–∞–µ—Ç –∏–≥—Ä–∞–ª—å
                                                  –Ω—É—é –∫–æ—Å—Ç—å (–ö).
You may provide a definition with
\DeclareUnicodeCharacter 


! Package inputenc Error: Unicode character –Ω (U+043D)
(inputenc)                not set up for use with LaTeX.

See the inputenc package documentation for explanation.
Type  H <return>  for immediate help.
 ...                                              
                                                  
l.2 ...Ω–µ—Ç—É (–ú) –∏ –∫–∏–¥–∞–µ—Ç –∏–≥—Ä–∞–ª—å–Ω
                                                  —É—é –∫–æ—Å—Ç—å (–ö).
You may provide a definition with
\DeclareUnicodeCharacter 


! Package inputenc Error: Unicode character —É (U+0443)
(inputenc)                not set up for use with LaTeX.

See the inputenc package documentation for explanation.
Type  H <return>  for immediate help.
 ...                                              
                                                  
l.2 ...µ—Ç—É (–ú) –∏ –∫–∏–¥–∞–µ—Ç –∏–≥—Ä–∞–ª—å–Ω—É
                                                  —é –∫–æ—Å—Ç—å (–ö).
You may provide a definition with
\DeclareUnicodeCharacter 


! Package inputenc Error: Unicode character —é (U+044E)
(inputenc)                not set up for use with LaTeX.

See the inputenc package documentation for explanation.
Type  H <return>  for immediate help.
 ...                                              
                                                  
l.2 ...Ç—É (–ú) –∏ –∫–∏–¥–∞–µ—Ç –∏–≥—Ä–∞–ª—å–Ω—É—é
                                                   –∫–æ—Å—Ç—å (–ö).
You may provide a definition with
\DeclareUnicodeCharacter 


! Package inputenc Error: Unicode character –∫ (U+043A)
(inputenc)                not set up for use with LaTeX.

See the inputenc package documentation for explanation.
Type  H <return>  for immediate help.
 ...                                              
                                                  
l.2 ... (–ú) –∏ –∫–∏–¥–∞–µ—Ç –∏–≥—Ä–∞–ª—å–Ω—É—é –∫
                                                  –æ—Å—Ç—å (–ö).
You may provide a definition with
\DeclareUnicodeCharacter 


! Package inputenc Error: Unicode character –æ (U+043E)
(inputenc)                not set up for use with LaTeX.

See the inputenc package documentation for explanation.
Type  H <return>  for immediate help.
 ...                                              
                                                  
l.2 ...–ú) –∏ –∫–∏–¥–∞–µ—Ç –∏–≥—Ä–∞–ª—å–Ω—É—é –∫–æ
                                                  —Å—Ç—å (–ö).
You may provide a definition with
\DeclareUnicodeCharacter 


! Package inputenc Error: Unicode character —Å (U+0441)
(inputenc)                not set up for use with LaTeX.

See the inputenc package documentation for explanation.
Type  H <return>  for immediate help.
 ...                                              
                                                  
l.2 ...) –∏ –∫–∏–¥–∞–µ—Ç –∏–≥—Ä–∞–ª—å–Ω—É—é –∫–æ—Å
                                                  —Ç—å (–ö).
You may provide a definition with
\DeclareUnicodeCharacter 


! Package inputenc Error: Unicode character —Ç (U+0442)
(inputenc)                not set up for use with LaTeX.

See the inputenc package documentation for explanation.
Type  H <return>  for immediate help.
 ...                                              
                                                  
l.2 ...–∏ –∫–∏–¥–∞–µ—Ç –∏–≥—Ä–∞–ª—å–Ω—É—é –∫–æ—Å—Ç
                                                  —å (–ö).
You may provide a definition with
\DeclareUnicodeCharacter 


! Package inputenc Error: Unicode character —å (U+044C)
(inputenc)                not set up for use with LaTeX.

See the inputenc package documentation for explanation.
Type  H <return>  for immediate help.
 ...                                              
                                                  
l.2 ... –∫–∏–¥–∞–µ—Ç –∏–≥—Ä–∞–ª—å–Ω—É—é –∫–æ—Å—Ç—å
                                                   (–ö).
You may provide a definition with
\DeclareUnicodeCharacter 

Missing character: There is no ( in font nullfont!

! Package inputenc Error: Unicode character –ö (U+041A)
(inputenc)                not set up for use with LaTeX.

See the inputenc package documentation for explanation.
Type  H <return>  for immediate help.
 ...                                              
                                                  
l.2 ...∏–¥–∞–µ—Ç –∏–≥—Ä–∞–ª—å–Ω—É—é –∫–æ—Å—Ç—å (–ö
                                                  ).
You may provide a definition with
\DeclareUnicodeCharacter 

Missing character: There is no ) in font nullfont!
Missing character: There is no . in font nullfont!

! Package inputenc Error: Unicode character –ö (U+041A)
(inputenc)                not set up for use with LaTeX.

See the inputenc package documentation for explanation.
Type  H <return>  for immediate help.
 ...                                              
                                                  
l.3 –ö
      –∞–∫–æ–µ –∫–æ–ª–∏—á–µ—Å—Ç–≤–æ –∏–Ω—Ñ–æ—Ä–º–∞—Ü–∏–∏ —Å–æ–¥–µ—Ä–∂–∏—Ç—Å—...

You may provide a definition with
\DeclareUnicodeCharacter 


! Package inputenc Error: Unicode character –∞ (U+0430)
(inputenc)                not set up for use with LaTeX.

See the inputenc package documentation for explanation.
Type  H <return>  for immediate help.
 ...                                              
                                                  
l.3 –ö–∞
        –∫–æ–µ –∫–æ–ª–∏—á–µ—Å—Ç–≤–æ –∏–Ω—Ñ–æ—Ä–º–∞—Ü–∏–∏ —Å–æ–¥–µ—Ä–∂–∏—Ç—Å—...

You may provide a definition with
\DeclareUnicodeCharacter 


! Package inputenc Error: Unicode character –∫ (U+043A)
(inputenc)                not set up for use with LaTeX.

See the inputenc package documentation for explanation.
Type  H <return>  for immediate help.
 ...                                              
                                                  
l.3 –ö–∞–∫
          –æ–µ –∫–æ–ª–∏—á–µ—Å—Ç–≤–æ –∏–Ω—Ñ–æ—Ä–º–∞—Ü–∏–∏ —Å–æ–¥–µ—Ä–∂–∏—Ç—Å—...

You may provide a definition with
\DeclareUnicodeCharacter 


! Package inputenc Error: Unicode character –æ (U+043E)
(inputenc)                not set up for use with LaTeX.

See the inputenc package documentation for explanation.
Type  H <return>  for immediate help.
 ...                                              
                                                  
l.3 –ö–∞–∫–æ
            –µ –∫–æ–ª–∏—á–µ—Å—Ç–≤–æ –∏–Ω—Ñ–æ—Ä–º–∞—Ü–∏–∏ —Å–æ–¥–µ—Ä–∂–∏—Ç—Å—...

You may provide a definition with
\DeclareUnicodeCharacter 


! Package inputenc Error: Unicode character –µ (U+0435)
(inputenc)                not set up for use with LaTeX.

See the inputenc package documentation for explanation.
Type  H <return>  for immediate help.
 ...                                              
                                                  
l.3 –ö–∞–∫–æ–µ
               –∫–æ–ª–∏—á–µ—Å—Ç–≤–æ –∏–Ω—Ñ–æ—Ä–º–∞—Ü–∏–∏ —Å–æ–¥–µ—Ä–∂–∏—Ç—Å—...

You may provide a definition with
\DeclareUnicodeCharacter 


! Package inputenc Error: Unicode character –∫ (U+043A)
(inputenc)                not set up for use with LaTeX.

See the inputenc package documentation for explanation.
Type  H <return>  for immediate help.
 ...                                              
                                                  
l.3 –ö–∞–∫–æ–µ –∫
                 –æ–ª–∏—á–µ—Å—Ç–≤–æ –∏–Ω—Ñ–æ—Ä–º–∞—Ü–∏–∏ —Å–æ–¥–µ—Ä–∂–∏—Ç—Å—...

You may provide a definition with
\DeclareUnicodeCharacter 


! Package inputenc Error: Unicode character –æ (U+043E)
(inputenc)                not set up for use with LaTeX.

See the inputenc package documentation for explanation.
Type  H <return>  for immediate help.
 ...                                              
                                                  
l.3 –ö–∞–∫–æ–µ –∫–æ
                   –ª–∏—á–µ—Å—Ç–≤–æ –∏–Ω—Ñ–æ—Ä–º–∞—Ü–∏–∏ —Å–æ–¥–µ—Ä–∂–∏—Ç—Å—...
(That makes 100 errors; please try again.) 
Here is how much of TeX's memory you used:
 44 strings out of 479382
 728 string characters out of 5868357
 267187 words of memory out of 5000000
 17257 multiletter control sequences out of 15000+600000
 403430 words of font info for 27 fonts, out of 8000000 for 9000
 1141 hyphenation exceptions out of 8191
 13i,3n,15p,180b,43s stack positions out of 5000i,500n,10000p,200000b,80000s

!  ==> Fatal error occurred, no output PDF file produced!
