This is pdfTeX, Version 3.14159265-2.6-1.40.20 (TeX Live 2019/Debian) (preloaded format=pdflatex 2020.12.30)  6 MAR 2021 17:33
entering extended mode
 restricted \write18 enabled.
 %&-line parsing enabled.
**page.tex
(./page.tex
LaTeX2e <2020-02-02> patch level 2
L3 programming layer <2020-02-14>

! LaTeX Error: Environment multicols undefined.

See the LaTeX manual or LaTeX Companion for explanation.
Type  H <return>  for immediate help.
 ...                                              
                                                  
l.1 \begin{multicols}
                     {2}
Your command was ignored.
Type  I <command> <return>  to replace it with another command,
or  <return>  to continue without it.


! LaTeX Error: Missing \begin{document}.

See the LaTeX manual or LaTeX Companion for explanation.
Type  H <return>  for immediate help.
 ...                                              
                                                  
l.1 \begin{multicols}{2
                       }
You're in trouble here.  Try typing  <return>  to proceed.
If that doesn't work, type  X <return>  to quit.

Missing character: There is no 2 in font nullfont!

! Package inputenc Error: Unicode character —á (U+0447)
(inputenc)                not set up for use with LaTeX.

See the inputenc package documentation for explanation.
Type  H <return>  for immediate help.
 ...                                              
                                                  
l.2 \noindent —á
                —Ç–æ –æ–Ω–∞ –æ–±—è–∑–∞–Ω–∞ –ø–æ–≤—Ç–æ—Ä–∏—Ç—å –≤—ã–∑–æ–≤.
You may provide a definition with
\DeclareUnicodeCharacter 


! Package inputenc Error: Unicode character —Ç (U+0442)
(inputenc)                not set up for use with LaTeX.

See the inputenc package documentation for explanation.
Type  H <return>  for immediate help.
 ...                                              
                                                  
l.2 \noindent —á—Ç
                  –æ –æ–Ω–∞ –æ–±—è–∑–∞–Ω–∞ –ø–æ–≤—Ç–æ—Ä–∏—Ç—å –≤—ã–∑–æ–≤.
You may provide a definition with
\DeclareUnicodeCharacter 


! Package inputenc Error: Unicode character –æ (U+043E)
(inputenc)                not set up for use with LaTeX.

See the inputenc package documentation for explanation.
Type  H <return>  for immediate help.
 ...                                              
                                                  
l.2 \noindent —á—Ç–æ
                     –æ–Ω–∞ –æ–±—è–∑–∞–Ω–∞ –ø–æ–≤—Ç–æ—Ä–∏—Ç—å –≤—ã–∑–æ–≤.
You may provide a definition with
\DeclareUnicodeCharacter 


! Package inputenc Error: Unicode character –æ (U+043E)
(inputenc)                not set up for use with LaTeX.

See the inputenc package documentation for explanation.
Type  H <return>  for immediate help.
 ...                                              
                                                  
l.2 \noindent —á—Ç–æ –æ
                       –Ω–∞ –æ–±—è–∑–∞–Ω–∞ –ø–æ–≤—Ç–æ—Ä–∏—Ç—å –≤—ã–∑–æ–≤.
You may provide a definition with
\DeclareUnicodeCharacter 


! Package inputenc Error: Unicode character –Ω (U+043D)
(inputenc)                not set up for use with LaTeX.

See the inputenc package documentation for explanation.
Type  H <return>  for immediate help.
 ...                                              
                                                  
l.2 \noindent —á—Ç–æ –æ–Ω
                         –∞ –æ–±—è–∑–∞–Ω–∞ –ø–æ–≤—Ç–æ—Ä–∏—Ç—å –≤—ã–∑–æ–≤.
You may provide a definition with
\DeclareUnicodeCharacter 


! Package inputenc Error: Unicode character –∞ (U+0430)
(inputenc)                not set up for use with LaTeX.

See the inputenc package documentation for explanation.
Type  H <return>  for immediate help.
 ...                                              
                                                  
l.2 \noindent —á—Ç–æ –æ–Ω–∞
                            –æ–±—è–∑–∞–Ω–∞ –ø–æ–≤—Ç–æ—Ä–∏—Ç—å –≤—ã–∑–æ–≤.
You may provide a definition with
\DeclareUnicodeCharacter 


! Package inputenc Error: Unicode character –æ (U+043E)
(inputenc)                not set up for use with LaTeX.

See the inputenc package documentation for explanation.
Type  H <return>  for immediate help.
 ...                                              
                                                  
l.2 \noindent —á—Ç–æ –æ–Ω–∞ –æ
                              –±—è–∑–∞–Ω–∞ –ø–æ–≤—Ç–æ—Ä–∏—Ç—å –≤—ã–∑–æ–≤.
You may provide a definition with
\DeclareUnicodeCharacter 


! Package inputenc Error: Unicode character –± (U+0431)
(inputenc)                not set up for use with LaTeX.

See the inputenc package documentation for explanation.
Type  H <return>  for immediate help.
 ...                                              
                                                  
l.2 \noindent —á—Ç–æ –æ–Ω–∞ –æ–±
                                —è–∑–∞–Ω–∞ –ø–æ–≤—Ç–æ—Ä–∏—Ç—å –≤—ã–∑–æ–≤.
You may provide a definition with
\DeclareUnicodeCharacter 


! Package inputenc Error: Unicode character —è (U+044F)
(inputenc)                not set up for use with LaTeX.

See the inputenc package documentation for explanation.
Type  H <return>  for immediate help.
 ...                                              
                                                  
l.2 \noindent —á—Ç–æ –æ–Ω–∞ –æ–±—è
                                  –∑–∞–Ω–∞ –ø–æ–≤—Ç–æ—Ä–∏—Ç—å –≤—ã–∑–æ–≤.
You may provide a definition with
\DeclareUnicodeCharacter 


! Package inputenc Error: Unicode character –∑ (U+0437)
(inputenc)                not set up for use with LaTeX.

See the inputenc package documentation for explanation.
Type  H <return>  for immediate help.
 ...                                              
                                                  
l.2 \noindent —á—Ç–æ –æ–Ω–∞ –æ–±—è–∑
                                    –∞–Ω–∞ –ø–æ–≤—Ç–æ—Ä–∏—Ç—å –≤—ã–∑–æ–≤.
You may provide a definition with
\DeclareUnicodeCharacter 


! Package inputenc Error: Unicode character –∞ (U+0430)
(inputenc)                not set up for use with LaTeX.

See the inputenc package documentation for explanation.
Type  H <return>  for immediate help.
 ...                                              
                                                  
l.2 \noindent —á—Ç–æ –æ–Ω–∞ –æ–±—è–∑–∞
                                      –Ω–∞ –ø–æ–≤—Ç–æ—Ä–∏—Ç—å –≤—ã–∑–æ–≤.
You may provide a definition with
\DeclareUnicodeCharacter 


! Package inputenc Error: Unicode character –Ω (U+043D)
(inputenc)                not set up for use with LaTeX.

See the inputenc package documentation for explanation.
Type  H <return>  for immediate help.
 ...                                              
                                                  
l.2 \noindent —á—Ç–æ –æ–Ω–∞ –æ–±—è–∑–∞–Ω
                                        –∞ –ø–æ–≤—Ç–æ—Ä–∏—Ç—å –≤—ã–∑–æ–≤.
You may provide a definition with
\DeclareUnicodeCharacter 


! Package inputenc Error: Unicode character –∞ (U+0430)
(inputenc)                not set up for use with LaTeX.

See the inputenc package documentation for explanation.
Type  H <return>  for immediate help.
 ...                                              
                                                  
l.2 \noindent —á—Ç–æ –æ–Ω–∞ –æ–±—è–∑–∞–Ω–∞
                                           –ø–æ–≤—Ç–æ—Ä–∏—Ç—å –≤—ã–∑–æ–≤.
You may provide a definition with
\DeclareUnicodeCharacter 


! Package inputenc Error: Unicode character –ø (U+043F)
(inputenc)                not set up for use with LaTeX.

See the inputenc package documentation for explanation.
Type  H <return>  for immediate help.
 ...                                              
                                                  
l.2 \noindent —á—Ç–æ –æ–Ω–∞ –æ–±—è–∑–∞–Ω–∞ –ø
                                             –æ–≤—Ç–æ—Ä–∏—Ç—å –≤—ã–∑–æ–≤.
You may provide a definition with
\DeclareUnicodeCharacter 


! Package inputenc Error: Unicode character –æ (U+043E)
(inputenc)                not set up for use with LaTeX.

See the inputenc package documentation for explanation.
Type  H <return>  for immediate help.
 ...                                              
                                                  
l.2 \noindent —á—Ç–æ –æ–Ω–∞ –æ–±—è–∑–∞–Ω–∞ –ø–æ
                                               –≤—Ç–æ—Ä–∏—Ç—å –≤—ã–∑–æ–≤.
You may provide a definition with
\DeclareUnicodeCharacter 


! Package inputenc Error: Unicode character –≤ (U+0432)
(inputenc)                not set up for use with LaTeX.

See the inputenc package documentation for explanation.
Type  H <return>  for immediate help.
 ...                                              
                                                  
l.2 \noindent —á—Ç–æ –æ–Ω–∞ –æ–±—è–∑–∞–Ω–∞ –ø–æ–≤
                                                 —Ç–æ—Ä–∏—Ç—å –≤—ã–∑–æ–≤.
You may provide a definition with
\DeclareUnicodeCharacter 


! Package inputenc Error: Unicode character —Ç (U+0442)
(inputenc)                not set up for use with LaTeX.

See the inputenc package documentation for explanation.
Type  H <return>  for immediate help.
 ...                                              
                                                  
l.2 ...ndent —á—Ç–æ –æ–Ω–∞ –æ–±—è–∑–∞–Ω–∞ –ø–æ–≤—Ç
                                                  –æ—Ä–∏—Ç—å –≤—ã–∑–æ–≤.
You may provide a definition with
\DeclareUnicodeCharacter 


! Package inputenc Error: Unicode character –æ (U+043E)
(inputenc)                not set up for use with LaTeX.

See the inputenc package documentation for explanation.
Type  H <return>  for immediate help.
 ...                                              
                                                  
l.2 ...ent —á—Ç–æ –æ–Ω–∞ –æ–±—è–∑–∞–Ω–∞ –ø–æ–≤—Ç–æ
                                                  —Ä–∏—Ç—å –≤—ã–∑–æ–≤.
You may provide a definition with
\DeclareUnicodeCharacter 


! Package inputenc Error: Unicode character —Ä (U+0440)
(inputenc)                not set up for use with LaTeX.

See the inputenc package documentation for explanation.
Type  H <return>  for immediate help.
 ...                                              
                                                  
l.2 ...t —á—Ç–æ –æ–Ω–∞ –æ–±—è–∑–∞–Ω–∞ –ø–æ–≤—Ç–æ—Ä
                                                  –∏—Ç—å –≤—ã–∑–æ–≤.
You may provide a definition with
\DeclareUnicodeCharacter 


! Package inputenc Error: Unicode character –∏ (U+0438)
(inputenc)                not set up for use with LaTeX.

See the inputenc package documentation for explanation.
Type  H <return>  for immediate help.
 ...                                              
                                                  
l.2 ...—á—Ç–æ –æ–Ω–∞ –æ–±—è–∑–∞–Ω–∞ –ø–æ–≤—Ç–æ—Ä–∏
                                                  —Ç—å –≤—ã–∑–æ–≤.
You may provide a definition with
\DeclareUnicodeCharacter 


! Package inputenc Error: Unicode character —Ç (U+0442)
(inputenc)                not set up for use with LaTeX.

See the inputenc package documentation for explanation.
Type  H <return>  for immediate help.
 ...                                              
                                                  
l.2 ...—Ç–æ –æ–Ω–∞ –æ–±—è–∑–∞–Ω–∞ –ø–æ–≤—Ç–æ—Ä–∏—Ç
                                                  —å –≤—ã–∑–æ–≤.
You may provide a definition with
\DeclareUnicodeCharacter 


! Package inputenc Error: Unicode character —å (U+044C)
(inputenc)                not set up for use with LaTeX.

See the inputenc package documentation for explanation.
Type  H <return>  for immediate help.
 ...                                              
                                                  
l.2 ...–æ –æ–Ω–∞ –æ–±—è–∑–∞–Ω–∞ –ø–æ–≤—Ç–æ—Ä–∏—Ç—å
                                                   –≤—ã–∑–æ–≤.
You may provide a definition with
\DeclareUnicodeCharacter 


! Package inputenc Error: Unicode character –≤ (U+0432)
(inputenc)                not set up for use with LaTeX.

See the inputenc package documentation for explanation.
Type  H <return>  for immediate help.
 ...                                              
                                                  
l.2 ...–æ–Ω–∞ –æ–±—è–∑–∞–Ω–∞ –ø–æ–≤—Ç–æ—Ä–∏—Ç—å –≤
                                                  —ã–∑–æ–≤.
You may provide a definition with
\DeclareUnicodeCharacter 


! Package inputenc Error: Unicode character —ã (U+044B)
(inputenc)                not set up for use with LaTeX.

See the inputenc package documentation for explanation.
Type  H <return>  for immediate help.
 ...                                              
                                                  
l.2 ...–Ω–∞ –æ–±—è–∑–∞–Ω–∞ –ø–æ–≤—Ç–æ—Ä–∏—Ç—å –≤—ã
                                                  –∑–æ–≤.
You may provide a definition with
\DeclareUnicodeCharacter 


! Package inputenc Error: Unicode character –∑ (U+0437)
(inputenc)                not set up for use with LaTeX.

See the inputenc package documentation for explanation.
Type  H <return>  for immediate help.
 ...                                              
                                                  
l.2 ...–∞ –æ–±—è–∑–∞–Ω–∞ –ø–æ–≤—Ç–æ—Ä–∏—Ç—å –≤—ã–∑
                                                  –æ–≤.
You may provide a definition with
\DeclareUnicodeCharacter 


! Package inputenc Error: Unicode character –æ (U+043E)
(inputenc)                not set up for use with LaTeX.

See the inputenc package documentation for explanation.
Type  H <return>  for immediate help.
 ...                                              
                                                  
l.2 ... –æ–±—è–∑–∞–Ω–∞ –ø–æ–≤—Ç–æ—Ä–∏—Ç—å –≤—ã–∑–æ
                                                  –≤.
You may provide a definition with
\DeclareUnicodeCharacter 


! Package inputenc Error: Unicode character –≤ (U+0432)
(inputenc)                not set up for use with LaTeX.

See the inputenc package documentation for explanation.
Type  H <return>  for immediate help.
 ...                                              
                                                  
l.2 ...æ–±—è–∑–∞–Ω–∞ –ø–æ–≤—Ç–æ—Ä–∏—Ç—å –≤—ã–∑–æ–≤
                                                  .
You may provide a definition with
\DeclareUnicodeCharacter 

Missing character: There is no . in font nullfont!

! Package inputenc Error: Unicode character –ö (U+041A)
(inputenc)                not set up for use with LaTeX.

See the inputenc package documentation for explanation.
Type  H <return>  for immediate help.
 ...                                              
                                                  
l.3 –ö
      —Ä–æ–º–µ —Ç–æ–≥–æ, –∂—é—Ä–∏ –∏–º–µ–µ—Ç –ø—Ä–∞–≤–æ —á–∞—Å—Ç—å –æ—á–∫–æ–...

You may provide a definition with
\DeclareUnicodeCharacter 


! Package inputenc Error: Unicode character —Ä (U+0440)
(inputenc)                not set up for use with LaTeX.

See the inputenc package documentation for explanation.
Type  H <return>  for immediate help.
 ...                                              
                                                  
l.3 –ö—Ä
        –æ–º–µ —Ç–æ–≥–æ, –∂—é—Ä–∏ –∏–º–µ–µ—Ç –ø—Ä–∞–≤–æ —á–∞—Å—Ç—å –æ—á–∫–æ–...

You may provide a definition with
\DeclareUnicodeCharacter 


! Package inputenc Error: Unicode character –æ (U+043E)
(inputenc)                not set up for use with LaTeX.

See the inputenc package documentation for explanation.
Type  H <return>  for immediate help.
 ...                                              
                                                  
l.3 –ö—Ä–æ
          –º–µ —Ç–æ–≥–æ, –∂—é—Ä–∏ –∏–º–µ–µ—Ç –ø—Ä–∞–≤–æ —á–∞—Å—Ç—å –æ—á–∫–æ–...

You may provide a definition with
\DeclareUnicodeCharacter 


! Package inputenc Error: Unicode character –º (U+043C)
(inputenc)                not set up for use with LaTeX.

See the inputenc package documentation for explanation.
Type  H <return>  for immediate help.
 ...                                              
                                                  
l.3 –ö—Ä–æ–º
            –µ —Ç–æ–≥–æ, –∂—é—Ä–∏ –∏–º–µ–µ—Ç –ø—Ä–∞–≤–æ —á–∞—Å—Ç—å –æ—á–∫–æ–...

You may provide a definition with
\DeclareUnicodeCharacter 


! Package inputenc Error: Unicode character –µ (U+0435)
(inputenc)                not set up for use with LaTeX.

See the inputenc package documentation for explanation.
Type  H <return>  for immediate help.
 ...                                              
                                                  
l.3 –ö—Ä–æ–º–µ
               —Ç–æ–≥–æ, –∂—é—Ä–∏ –∏–º–µ–µ—Ç –ø—Ä–∞–≤–æ —á–∞—Å—Ç—å –æ—á–∫–æ–...

You may provide a definition with
\DeclareUnicodeCharacter 


! Package inputenc Error: Unicode character —Ç (U+0442)
(inputenc)                not set up for use with LaTeX.

See the inputenc package documentation for explanation.
Type  H <return>  for immediate help.
 ...                                              
                                                  
l.3 –ö—Ä–æ–º–µ —Ç
                 –æ–≥–æ, –∂—é—Ä–∏ –∏–º–µ–µ—Ç –ø—Ä–∞–≤–æ —á–∞—Å—Ç—å –æ—á–∫–æ–...

You may provide a definition with
\DeclareUnicodeCharacter 


! Package inputenc Error: Unicode character –æ (U+043E)
(inputenc)                not set up for use with LaTeX.

See the inputenc package documentation for explanation.
Type  H <return>  for immediate help.
 ...                                              
                                                  
l.3 –ö—Ä–æ–º–µ —Ç–æ
                   –≥–æ, –∂—é—Ä–∏ –∏–º–µ–µ—Ç –ø—Ä–∞–≤–æ —á–∞—Å—Ç—å –æ—á–∫–æ–...

You may provide a definition with
\DeclareUnicodeCharacter 


! Package inputenc Error: Unicode character –≥ (U+0433)
(inputenc)                not set up for use with LaTeX.

See the inputenc package documentation for explanation.
Type  H <return>  for immediate help.
 ...                                              
                                                  
l.3 –ö—Ä–æ–º–µ —Ç–æ–≥
                     –æ, –∂—é—Ä–∏ –∏–º–µ–µ—Ç –ø—Ä–∞–≤–æ —á–∞—Å—Ç—å –æ—á–∫–æ–...

You may provide a definition with
\DeclareUnicodeCharacter 


! Package inputenc Error: Unicode character –æ (U+043E)
(inputenc)                not set up for use with LaTeX.

See the inputenc package documentation for explanation.
Type  H <return>  for immediate help.
 ...                                              
                                                  
l.3 –ö—Ä–æ–º–µ —Ç–æ–≥–æ
                       , –∂—é—Ä–∏ –∏–º–µ–µ—Ç –ø—Ä–∞–≤–æ —á–∞—Å—Ç—å –æ—á–∫–æ–...

You may provide a definition with
\DeclareUnicodeCharacter 

Missing character: There is no , in font nullfont!

! Package inputenc Error: Unicode character –∂ (U+0436)
(inputenc)                not set up for use with LaTeX.

See the inputenc package documentation for explanation.
Type  H <return>  for immediate help.
 ...                                              
                                                  
l.3 –ö—Ä–æ–º–µ —Ç–æ–≥–æ, –∂
                           —é—Ä–∏ –∏–º–µ–µ—Ç –ø—Ä–∞–≤–æ —á–∞—Å—Ç—å –æ—á–∫–æ–...

You may provide a definition with
\DeclareUnicodeCharacter 


! Package inputenc Error: Unicode character —é (U+044E)
(inputenc)                not set up for use with LaTeX.

See the inputenc package documentation for explanation.
Type  H <return>  for immediate help.
 ...                                              
                                                  
l.3 –ö—Ä–æ–º–µ —Ç–æ–≥–æ, –∂—é
                             —Ä–∏ –∏–º–µ–µ—Ç –ø—Ä–∞–≤–æ —á–∞—Å—Ç—å –æ—á–∫–æ–...

You may provide a definition with
\DeclareUnicodeCharacter 


! Package inputenc Error: Unicode character —Ä (U+0440)
(inputenc)                not set up for use with LaTeX.

See the inputenc package documentation for explanation.
Type  H <return>  for immediate help.
 ...                                              
                                                  
l.3 –ö—Ä–æ–º–µ —Ç–æ–≥–æ, –∂—é—Ä
                               –∏ –∏–º–µ–µ—Ç –ø—Ä–∞–≤–æ —á–∞—Å—Ç—å –æ—á–∫–æ–...

You may provide a definition with
\DeclareUnicodeCharacter 


! Package inputenc Error: Unicode character –∏ (U+0438)
(inputenc)                not set up for use with LaTeX.

See the inputenc package documentation for explanation.
Type  H <return>  for immediate help.
 ...                                              
                                                  
l.3 –ö—Ä–æ–º–µ —Ç–æ–≥–æ, –∂—é—Ä–∏
                                  –∏–º–µ–µ—Ç –ø—Ä–∞–≤–æ —á–∞—Å—Ç—å –æ—á–∫–æ–...

You may provide a definition with
\DeclareUnicodeCharacter 


! Package inputenc Error: Unicode character –∏ (U+0438)
(inputenc)                not set up for use with LaTeX.

See the inputenc package documentation for explanation.
Type  H <return>  for immediate help.
 ...                                              
                                                  
l.3 –ö—Ä–æ–º–µ —Ç–æ–≥–æ, –∂—é—Ä–∏ –∏
                                    –º–µ–µ—Ç –ø—Ä–∞–≤–æ —á–∞—Å—Ç—å –æ—á–∫–æ–...

You may provide a definition with
\DeclareUnicodeCharacter 


! Package inputenc Error: Unicode character –º (U+043C)
(inputenc)                not set up for use with LaTeX.

See the inputenc package documentation for explanation.
Type  H <return>  for immediate help.
 ...                                              
                                                  
l.3 –ö—Ä–æ–º–µ —Ç–æ–≥–æ, –∂—é—Ä–∏ –∏–º
                                      –µ–µ—Ç –ø—Ä–∞–≤–æ —á–∞—Å—Ç—å –æ—á–∫–æ–...

You may provide a definition with
\DeclareUnicodeCharacter 


! Package inputenc Error: Unicode character –µ (U+0435)
(inputenc)                not set up for use with LaTeX.

See the inputenc package documentation for explanation.
Type  H <return>  for immediate help.
 ...                                              
                                                  
l.3 –ö—Ä–æ–º–µ —Ç–æ–≥–æ, –∂—é—Ä–∏ –∏–º–µ
                                        –µ—Ç –ø—Ä–∞–≤–æ —á–∞—Å—Ç—å –æ—á–∫–æ–...

You may provide a definition with
\DeclareUnicodeCharacter 


! Package inputenc Error: Unicode character –µ (U+0435)
(inputenc)                not set up for use with LaTeX.

See the inputenc package documentation for explanation.
Type  H <return>  for immediate help.
 ...                                              
                                                  
l.3 –ö—Ä–æ–º–µ —Ç–æ–≥–æ, –∂—é—Ä–∏ –∏–º–µ–µ
                                          —Ç –ø—Ä–∞–≤–æ —á–∞—Å—Ç—å –æ—á–∫–æ–...

You may provide a definition with
\DeclareUnicodeCharacter 


! Package inputenc Error: Unicode character —Ç (U+0442)
(inputenc)                not set up for use with LaTeX.

See the inputenc package documentation for explanation.
Type  H <return>  for immediate help.
 ...                                              
                                                  
l.3 –ö—Ä–æ–º–µ —Ç–æ–≥–æ, –∂—é—Ä–∏ –∏–º–µ–µ—Ç
                                             –ø—Ä–∞–≤–æ —á–∞—Å—Ç—å –æ—á–∫–æ–...

You may provide a definition with
\DeclareUnicodeCharacter 


! Package inputenc Error: Unicode character –ø (U+043F)
(inputenc)                not set up for use with LaTeX.

See the inputenc package documentation for explanation.
Type  H <return>  for immediate help.
 ...                                              
                                                  
l.3 –ö—Ä–æ–º–µ —Ç–æ–≥–æ, –∂—é—Ä–∏ –∏–º–µ–µ—Ç –ø
                                               —Ä–∞–≤–æ —á–∞—Å—Ç—å –æ—á–∫–æ–...

You may provide a definition with
\DeclareUnicodeCharacter 


! Package inputenc Error: Unicode character —Ä (U+0440)
(inputenc)                not set up for use with LaTeX.

See the inputenc package documentation for explanation.
Type  H <return>  for immediate help.
 ...                                              
                                                  
l.3 –ö—Ä–æ–º–µ —Ç–æ–≥–æ, –∂—é—Ä–∏ –∏–º–µ–µ—Ç –ø—Ä
                                                 –∞–≤–æ —á–∞—Å—Ç—å –æ—á–∫–æ–...

You may provide a definition with
\DeclareUnicodeCharacter 


! Package inputenc Error: Unicode character –∞ (U+0430)
(inputenc)                not set up for use with LaTeX.

See the inputenc package documentation for explanation.
Type  H <return>  for immediate help.
 ...                                              
                                                  
l.3 ...–æ–º–µ —Ç–æ–≥–æ, –∂—é—Ä–∏ –∏–º–µ–µ—Ç –ø—Ä–∞
                                                  –≤–æ —á–∞—Å—Ç—å –æ—á–∫–æ–≤...

You may provide a definition with
\DeclareUnicodeCharacter 


! Package inputenc Error: Unicode character –≤ (U+0432)
(inputenc)                not set up for use with LaTeX.

See the inputenc package documentation for explanation.
Type  H <return>  for immediate help.
 ...                                              
                                                  
l.3 ...–º–µ —Ç–æ–≥–æ, –∂—é—Ä–∏ –∏–º–µ–µ—Ç –ø—Ä–∞–≤
                                                  –æ —á–∞—Å—Ç—å –æ—á–∫–æ–≤ –...

You may provide a definition with
\DeclareUnicodeCharacter 


! Package inputenc Error: Unicode character –æ (U+043E)
(inputenc)                not set up for use with LaTeX.

See the inputenc package documentation for explanation.
Type  H <return>  for immediate help.
 ...                                              
                                                  
l.3 ...–µ —Ç–æ–≥–æ, –∂—é—Ä–∏ –∏–º–µ–µ—Ç –ø—Ä–∞–≤–æ
                                                   —á–∞—Å—Ç—å –æ—á–∫–æ–≤ –Ω–...

You may provide a definition with
\DeclareUnicodeCharacter 


! Package inputenc Error: Unicode character —á (U+0447)
(inputenc)                not set up for use with LaTeX.

See the inputenc package documentation for explanation.
Type  H <return>  for immediate help.
 ...                                              
                                                  
l.3 ...—Ç–æ–≥–æ, –∂—é—Ä–∏ –∏–º–µ–µ—Ç –ø—Ä–∞–≤–æ —á
                                                  –∞—Å—Ç—å –æ—á–∫–æ–≤ –Ω–µ —...

You may provide a definition with
\DeclareUnicodeCharacter 


! Package inputenc Error: Unicode character –∞ (U+0430)
(inputenc)                not set up for use with LaTeX.

See the inputenc package documentation for explanation.
Type  H <return>  for immediate help.
 ...                                              
                                                  
l.3 ...–æ–≥–æ, –∂—é—Ä–∏ –∏–º–µ–µ—Ç –ø—Ä–∞–≤–æ —á–∞
                                                  —Å—Ç—å –æ—á–∫–æ–≤ –Ω–µ —Ä–...

You may provide a definition with
\DeclareUnicodeCharacter 


! Package inputenc Error: Unicode character —Å (U+0441)
(inputenc)                not set up for use with LaTeX.

See the inputenc package documentation for explanation.
Type  H <return>  for immediate help.
 ...                                              
                                                  
l.3 ...–≥–æ, –∂—é—Ä–∏ –∏–º–µ–µ—Ç –ø—Ä–∞–≤–æ —á–∞—Å
                                                  —Ç—å –æ—á–∫–æ–≤ –Ω–µ —Ä–∞—...

You may provide a definition with
\DeclareUnicodeCharacter 


! Package inputenc Error: Unicode character —Ç (U+0442)
(inputenc)                not set up for use with LaTeX.

See the inputenc package documentation for explanation.
Type  H <return>  for immediate help.
 ...                                              
                                                  
l.3 ...–æ, –∂—é—Ä–∏ –∏–º–µ–µ—Ç –ø—Ä–∞–≤–æ —á–∞—Å—Ç
                                                  —å –æ—á–∫–æ–≤ –Ω–µ —Ä–∞—Å–...

You may provide a definition with
\DeclareUnicodeCharacter 


! Package inputenc Error: Unicode character —å (U+044C)
(inputenc)                not set up for use with LaTeX.

See the inputenc package documentation for explanation.
Type  H <return>  for immediate help.
 ...                                              
                                                  
l.3 ..., –∂—é—Ä–∏ –∏–º–µ–µ—Ç –ø—Ä–∞–≤–æ —á–∞—Å—Ç—å
                                                   –æ—á–∫–æ–≤ –Ω–µ —Ä–∞—Å–ø—...

You may provide a definition with
\DeclareUnicodeCharacter 


! Package inputenc Error: Unicode character –æ (U+043E)
(inputenc)                not set up for use with LaTeX.

See the inputenc package documentation for explanation.
Type  H <return>  for immediate help.
 ...                                              
                                                  
l.3 ...∂—é—Ä–∏ –∏–º–µ–µ—Ç –ø—Ä–∞–≤–æ —á–∞—Å—Ç—å –æ
                                                  —á–∫–æ–≤ –Ω–µ —Ä–∞—Å–ø—Ä–µ...

You may provide a definition with
\DeclareUnicodeCharacter 


! Package inputenc Error: Unicode character —á (U+0447)
(inputenc)                not set up for use with LaTeX.

See the inputenc package documentation for explanation.
Type  H <return>  for immediate help.
 ...                                              
                                                  
l.3 ...é—Ä–∏ –∏–º–µ–µ—Ç –ø—Ä–∞–≤–æ —á–∞—Å—Ç—å –æ—á
                                                  –∫–æ–≤ –Ω–µ —Ä–∞—Å–ø—Ä–µ–¥...

You may provide a definition with
\DeclareUnicodeCharacter 


! Package inputenc Error: Unicode character –∫ (U+043A)
(inputenc)                not set up for use with LaTeX.

See the inputenc package documentation for explanation.
Type  H <return>  for immediate help.
 ...                                              
                                                  
l.3 ...Ä–∏ –∏–º–µ–µ—Ç –ø—Ä–∞–≤–æ —á–∞—Å—Ç—å –æ—á–∫
                                                  –æ–≤ –Ω–µ —Ä–∞—Å–ø—Ä–µ–¥–µ...

You may provide a definition with
\DeclareUnicodeCharacter 


! Package inputenc Error: Unicode character –æ (U+043E)
(inputenc)                not set up for use with LaTeX.

See the inputenc package documentation for explanation.
Type  H <return>  for immediate help.
 ...                                              
                                                  
l.3 ...∏ –∏–º–µ–µ—Ç –ø—Ä–∞–≤–æ —á–∞—Å—Ç—å –æ—á–∫–æ
                                                  –≤ –Ω–µ —Ä–∞—Å–ø—Ä–µ–¥–µ–ª...

You may provide a definition with
\DeclareUnicodeCharacter 


! Package inputenc Error: Unicode character –≤ (U+0432)
(inputenc)                not set up for use with LaTeX.

See the inputenc package documentation for explanation.
Type  H <return>  for immediate help.
 ...                                              
                                                  
l.3 ...–∏–º–µ–µ—Ç –ø—Ä–∞–≤–æ —á–∞—Å—Ç—å –æ—á–∫–æ–≤
                                                   –Ω–µ —Ä–∞—Å–ø—Ä–µ–¥–µ–ª—è...

You may provide a definition with
\DeclareUnicodeCharacter 


! Package inputenc Error: Unicode character –Ω (U+043D)
(inputenc)                not set up for use with LaTeX.

See the inputenc package documentation for explanation.
Type  H <return>  for immediate help.
 ...                                              
                                                  
l.3 ...º–µ–µ—Ç –ø—Ä–∞–≤–æ —á–∞—Å—Ç—å –æ—á–∫–æ–≤ –Ω
                                                  –µ —Ä–∞—Å–ø—Ä–µ–¥–µ–ª—è—Ç—...

You may provide a definition with
\DeclareUnicodeCharacter 


! Package inputenc Error: Unicode character –µ (U+0435)
(inputenc)                not set up for use with LaTeX.

See the inputenc package documentation for explanation.
Type  H <return>  for immediate help.
 ...                                              
                                                  
l.3 ...µ–µ—Ç –ø—Ä–∞–≤–æ —á–∞—Å—Ç—å –æ—á–∫–æ–≤ –Ω–µ
                                                   —Ä–∞—Å–ø—Ä–µ–¥–µ–ª—è—Ç—å ...

You may provide a definition with
\DeclareUnicodeCharacter 


! Package inputenc Error: Unicode character —Ä (U+0440)
(inputenc)                not set up for use with LaTeX.

See the inputenc package documentation for explanation.
Type  H <return>  for immediate help.
 ...                                              
                                                  
l.3 ...—Ç –ø—Ä–∞–≤–æ —á–∞—Å—Ç—å –æ—á–∫–æ–≤ –Ω–µ —Ä
                                                  –∞—Å–ø—Ä–µ–¥–µ–ª—è—Ç—å –º–...

You may provide a definition with
\DeclareUnicodeCharacter 


! Package inputenc Error: Unicode character –∞ (U+0430)
(inputenc)                not set up for use with LaTeX.

See the inputenc package documentation for explanation.
Type  H <return>  for immediate help.
 ...                                              
                                                  
l.3 ... –ø—Ä–∞–≤–æ —á–∞—Å—Ç—å –æ—á–∫–æ–≤ –Ω–µ —Ä–∞
                                                  —Å–ø—Ä–µ–¥–µ–ª—è—Ç—å –º–µ–...

You may provide a definition with
\DeclareUnicodeCharacter 


! Package inputenc Error: Unicode character —Å (U+0441)
(inputenc)                not set up for use with LaTeX.

See the inputenc package documentation for explanation.
Type  H <return>  for immediate help.
 ...                                              
                                                  
l.3 ...ø—Ä–∞–≤–æ —á–∞—Å—Ç—å –æ—á–∫–æ–≤ –Ω–µ —Ä–∞—Å
                                                  –ø—Ä–µ–¥–µ–ª—è—Ç—å –º–µ–∂–...

You may provide a definition with
\DeclareUnicodeCharacter 


! Package inputenc Error: Unicode character –ø (U+043F)
(inputenc)                not set up for use with LaTeX.

See the inputenc package documentation for explanation.
Type  H <return>  for immediate help.
 ...                                              
                                                  
l.3 ...Ä–∞–≤–æ —á–∞—Å—Ç—å –æ—á–∫–æ–≤ –Ω–µ —Ä–∞—Å–ø
                                                  —Ä–µ–¥–µ–ª—è—Ç—å –º–µ–∂–¥—...

You may provide a definition with
\DeclareUnicodeCharacter 


! Package inputenc Error: Unicode character —Ä (U+0440)
(inputenc)                not set up for use with LaTeX.

See the inputenc package documentation for explanation.
Type  H <return>  for immediate help.
 ...                                              
                                                  
l.3 ...∞–≤–æ —á–∞—Å—Ç—å –æ—á–∫–æ–≤ –Ω–µ —Ä–∞—Å–ø—Ä
                                                  –µ–¥–µ–ª—è—Ç—å –º–µ–∂–¥—É ...

You may provide a definition with
\DeclareUnicodeCharacter 


! Package inputenc Error: Unicode character –µ (U+0435)
(inputenc)                not set up for use with LaTeX.

See the inputenc package documentation for explanation.
Type  H <return>  for immediate help.
 ...                                              
                                                  
l.3 ...≤–æ —á–∞—Å—Ç—å –æ—á–∫–æ–≤ –Ω–µ —Ä–∞—Å–ø—Ä–µ
                                                  –¥–µ–ª—è—Ç—å –º–µ–∂–¥—É –∫...

You may provide a definition with
\DeclareUnicodeCharacter 


! Package inputenc Error: Unicode character –¥ (U+0434)
(inputenc)                not set up for use with LaTeX.

See the inputenc package documentation for explanation.
Type  H <return>  for immediate help.
 ...                                              
                                                  
l.3 ...æ —á–∞—Å—Ç—å –æ—á–∫–æ–≤ –Ω–µ —Ä–∞—Å–ø—Ä–µ–¥
                                                  –µ–ª—è—Ç—å –º–µ–∂–¥—É –∫–æ...

You may provide a definition with
\DeclareUnicodeCharacter 


! Package inputenc Error: Unicode character –µ (U+0435)
(inputenc)                not set up for use with LaTeX.

See the inputenc package documentation for explanation.
Type  H <return>  for immediate help.
 ...                                              
                                                  
l.3 ...—á–∞—Å—Ç—å –æ—á–∫–æ–≤ –Ω–µ —Ä–∞—Å–ø—Ä–µ–¥–µ
                                                  –ª—è—Ç—å –º–µ–∂–¥—É –∫–æ–º...

You may provide a definition with
\DeclareUnicodeCharacter 


! Package inputenc Error: Unicode character –ª (U+043B)
(inputenc)                not set up for use with LaTeX.

See the inputenc package documentation for explanation.
Type  H <return>  for immediate help.
 ...                                              
                                                  
l.3 ...–∞—Å—Ç—å –æ—á–∫–æ–≤ –Ω–µ —Ä–∞—Å–ø—Ä–µ–¥–µ–ª
                                                  —è—Ç—å –º–µ–∂–¥—É –∫–æ–º–∞...

You may provide a definition with
\DeclareUnicodeCharacter 


! Package inputenc Error: Unicode character —è (U+044F)
(inputenc)                not set up for use with LaTeX.

See the inputenc package documentation for explanation.
Type  H <return>  for immediate help.
 ...                                              
                                                  
l.3 ...—Å—Ç—å –æ—á–∫–æ–≤ –Ω–µ —Ä–∞—Å–ø—Ä–µ–¥–µ–ª—è
                                                  —Ç—å –º–µ–∂–¥—É –∫–æ–º–∞–Ω...

You may provide a definition with
\DeclareUnicodeCharacter 


! Package inputenc Error: Unicode character —Ç (U+0442)
(inputenc)                not set up for use with LaTeX.

See the inputenc package documentation for explanation.
Type  H <return>  for immediate help.
 ...                                              
                                                  
l.3 ...—Ç—å –æ—á–∫–æ–≤ –Ω–µ —Ä–∞—Å–ø—Ä–µ–¥–µ–ª—è—Ç
                                                  —å –º–µ–∂–¥—É –∫–æ–º–∞–Ω–¥...

You may provide a definition with
\DeclareUnicodeCharacter 


! Package inputenc Error: Unicode character —å (U+044C)
(inputenc)                not set up for use with LaTeX.

See the inputenc package documentation for explanation.
Type  H <return>  for immediate help.
 ...                                              
                                                  
l.3 ...—å –æ—á–∫–æ–≤ –Ω–µ —Ä–∞—Å–ø—Ä–µ–¥–µ–ª—è—Ç—å
                                                   –º–µ–∂–¥—É –∫–æ–º–∞–Ω–¥–∞...

You may provide a definition with
\DeclareUnicodeCharacter 


! Package inputenc Error: Unicode character –º (U+043C)
(inputenc)                not set up for use with LaTeX.

See the inputenc package documentation for explanation.
Type  H <return>  for immediate help.
 ...                                              
                                                  
l.3 ...–æ—á–∫–æ–≤ –Ω–µ —Ä–∞—Å–ø—Ä–µ–¥–µ–ª—è—Ç—å –º
                                                  –µ–∂–¥—É –∫–æ–º–∞–Ω–¥–∞–º–...

You may provide a definition with
\DeclareUnicodeCharacter 


! Package inputenc Error: Unicode character –µ (U+0435)
(inputenc)                not set up for use with LaTeX.

See the inputenc package documentation for explanation.
Type  H <return>  for immediate help.
 ...                                              
                                                  
l.3 ...—á–∫–æ–≤ –Ω–µ —Ä–∞—Å–ø—Ä–µ–¥–µ–ª—è—Ç—å –º–µ
                                                  –∂–¥—É –∫–æ–º–∞–Ω–¥–∞–º–∏ ...

You may provide a definition with
\DeclareUnicodeCharacter 


! Package inputenc Error: Unicode character –∂ (U+0436)
(inputenc)                not set up for use with LaTeX.

See the inputenc package documentation for explanation.
Type  H <return>  for immediate help.
 ...                                              
                                                  
l.3 ...–∫–æ–≤ –Ω–µ —Ä–∞—Å–ø—Ä–µ–¥–µ–ª—è—Ç—å –º–µ–∂
                                                  –¥—É –∫–æ–º–∞–Ω–¥–∞–º–∏ –≤...

You may provide a definition with
\DeclareUnicodeCharacter 


! Package inputenc Error: Unicode character –¥ (U+0434)
(inputenc)                not set up for use with LaTeX.

See the inputenc package documentation for explanation.
Type  H <return>  for immediate help.
 ...                                              
                                                  
l.3 ...–æ–≤ –Ω–µ —Ä–∞—Å–ø—Ä–µ–¥–µ–ª—è—Ç—å –º–µ–∂–¥
                                                  —É –∫–æ–º–∞–Ω–¥–∞–º–∏ –≤–æ...

You may provide a definition with
\DeclareUnicodeCharacter 


! Package inputenc Error: Unicode character —É (U+0443)
(inputenc)                not set up for use with LaTeX.

See the inputenc package documentation for explanation.
Type  H <return>  for immediate help.
 ...                                              
                                                  
l.3 ...–≤ –Ω–µ —Ä–∞—Å–ø—Ä–µ–¥–µ–ª—è—Ç—å –º–µ–∂–¥—É
                                                   –∫–æ–º–∞–Ω–¥–∞–º–∏ –≤–æ–æ...

You may provide a definition with
\DeclareUnicodeCharacter 


! Package inputenc Error: Unicode character –∫ (U+043A)
(inputenc)                not set up for use with LaTeX.

See the inputenc package documentation for explanation.
Type  H <return>  for immediate help.
 ...                                              
                                                  
l.3 ...–Ω–µ —Ä–∞—Å–ø—Ä–µ–¥–µ–ª—è—Ç—å –º–µ–∂–¥—É –∫
                                                  –æ–º–∞–Ω–¥–∞–º–∏ –≤–æ–æ–±—...

You may provide a definition with
\DeclareUnicodeCharacter 


! Package inputenc Error: Unicode character –æ (U+043E)
(inputenc)                not set up for use with LaTeX.

See the inputenc package documentation for explanation.
Type  H <return>  for immediate help.
 ...                                              
                                                  
l.3 ...–µ —Ä–∞—Å–ø—Ä–µ–¥–µ–ª—è—Ç—å –º–µ–∂–¥—É –∫–æ
                                                  –º–∞–Ω–¥–∞–º–∏ –≤–æ–æ–±—â–µ.
You may provide a definition with
\DeclareUnicodeCharacter 


! Package inputenc Error: Unicode character –º (U+043C)
(inputenc)                not set up for use with LaTeX.

See the inputenc package documentation for explanation.
Type  H <return>  for immediate help.
 ...                                              
                                                  
l.3 ... —Ä–∞—Å–ø—Ä–µ–¥–µ–ª—è—Ç—å –º–µ–∂–¥—É –∫–æ–º
                                                  –∞–Ω–¥–∞–º–∏ –≤–æ–æ–±—â–µ.
You may provide a definition with
\DeclareUnicodeCharacter 


! Package inputenc Error: Unicode character –∞ (U+0430)
(inputenc)                not set up for use with LaTeX.

See the inputenc package documentation for explanation.
Type  H <return>  for immediate help.
 ...                                              
                                                  
l.3 ...Ä–∞—Å–ø—Ä–µ–¥–µ–ª—è—Ç—å –º–µ–∂–¥—É –∫–æ–º–∞
                                                  –Ω–¥–∞–º–∏ –≤–æ–æ–±—â–µ.
You may provide a definition with
\DeclareUnicodeCharacter 


! Package inputenc Error: Unicode character –Ω (U+043D)
(inputenc)                not set up for use with LaTeX.

See the inputenc package documentation for explanation.
Type  H <return>  for immediate help.
 ...                                              
                                                  
l.3 ...∞—Å–ø—Ä–µ–¥–µ–ª—è—Ç—å –º–µ–∂–¥—É –∫–æ–º–∞–Ω
                                                  –¥–∞–º–∏ –≤–æ–æ–±—â–µ.
You may provide a definition with
\DeclareUnicodeCharacter 


! Package inputenc Error: Unicode character –¥ (U+0434)
(inputenc)                not set up for use with LaTeX.

See the inputenc package documentation for explanation.
Type  H <return>  for immediate help.
 ...                                              
                                                  
l.3 ...Å–ø—Ä–µ–¥–µ–ª—è—Ç—å –º–µ–∂–¥—É –∫–æ–º–∞–Ω–¥
                                                  –∞–º–∏ –≤–æ–æ–±—â–µ.
You may provide a definition with
\DeclareUnicodeCharacter 


! Package inputenc Error: Unicode character –∞ (U+0430)
(inputenc)                not set up for use with LaTeX.

See the inputenc package documentation for explanation.
Type  H <return>  for immediate help.
 ...                                              
                                                  
l.3 ...ø—Ä–µ–¥–µ–ª—è—Ç—å –º–µ–∂–¥—É –∫–æ–º–∞–Ω–¥–∞
                                                  –º–∏ –≤–æ–æ–±—â–µ.
You may provide a definition with
\DeclareUnicodeCharacter 


! Package inputenc Error: Unicode character –º (U+043C)
(inputenc)                not set up for use with LaTeX.

See the inputenc package documentation for explanation.
Type  H <return>  for immediate help.
 ...                                              
                                                  
l.3 ...Ä–µ–¥–µ–ª—è—Ç—å –º–µ–∂–¥—É –∫–æ–º–∞–Ω–¥–∞–º
                                                  –∏ –≤–æ–æ–±—â–µ.
You may provide a definition with
\DeclareUnicodeCharacter 


! Package inputenc Error: Unicode character –∏ (U+0438)
(inputenc)                not set up for use with LaTeX.

See the inputenc package documentation for explanation.
Type  H <return>  for immediate help.
 ...                                              
                                                  
l.3 ...µ–¥–µ–ª—è—Ç—å –º–µ–∂–¥—É –∫–æ–º–∞–Ω–¥–∞–º–∏
                                                   –≤–æ–æ–±—â–µ.
You may provide a definition with
\DeclareUnicodeCharacter 


! Package inputenc Error: Unicode character –≤ (U+0432)
(inputenc)                not set up for use with LaTeX.

See the inputenc package documentation for explanation.
Type  H <return>  for immediate help.
 ...                                              
                                                  
l.3 ...–µ–ª—è—Ç—å –º–µ–∂–¥—É –∫–æ–º–∞–Ω–¥–∞–º–∏ –≤
                                                  –æ–æ–±—â–µ.
You may provide a definition with
\DeclareUnicodeCharacter 


! Package inputenc Error: Unicode character –æ (U+043E)
(inputenc)                not set up for use with LaTeX.

See the inputenc package documentation for explanation.
Type  H <return>  for immediate help.
 ...                                              
                                                  
l.3 ...–ª—è—Ç—å –º–µ–∂–¥—É –∫–æ–º–∞–Ω–¥–∞–º–∏ –≤–æ
                                                  –æ–±—â–µ.
You may provide a definition with
\DeclareUnicodeCharacter 


! Package inputenc Error: Unicode character –æ (U+043E)
(inputenc)                not set up for use with LaTeX.

See the inputenc package documentation for explanation.
Type  H <return>  for immediate help.
 ...                                              
                                                  
l.3 ...—è—Ç—å –º–µ–∂–¥—É –∫–æ–º–∞–Ω–¥–∞–º–∏ –≤–æ–æ
                                                  –±—â–µ.
You may provide a definition with
\DeclareUnicodeCharacter 


! Package inputenc Error: Unicode character –± (U+0431)
(inputenc)                not set up for use with LaTeX.

See the inputenc package documentation for explanation.
Type  H <return>  for immediate help.
 ...                                              
                                                  
l.3 ...—Ç—å –º–µ–∂–¥—É –∫–æ–º–∞–Ω–¥–∞–º–∏ –≤–æ–æ–±
                                                  —â–µ.
You may provide a definition with
\DeclareUnicodeCharacter 


! Package inputenc Error: Unicode character —â (U+0449)
(inputenc)                not set up for use with LaTeX.

See the inputenc package documentation for explanation.
Type  H <return>  for immediate help.
 ...                                              
                                                  
l.3 ...—å –º–µ–∂–¥—É –∫–æ–º–∞–Ω–¥–∞–º–∏ –≤–æ–æ–±—â
                                                  –µ.
You may provide a definition with
\DeclareUnicodeCharacter 


! Package inputenc Error: Unicode character –µ (U+0435)
(inputenc)                not set up for use with LaTeX.

See the inputenc package documentation for explanation.
Type  H <return>  for immediate help.
 ...                                              
                                                  
l.3 ... –º–µ–∂–¥—É –∫–æ–º–∞–Ω–¥–∞–º–∏ –≤–æ–æ–±—â–µ
                                                  .
You may provide a definition with
\DeclareUnicodeCharacter 

Missing character: There is no . in font nullfont!

Overfull \hbox (20.0pt too wide) in paragraph at lines 1--4
[]
 []


! Package inputenc Error: Unicode character –† (U+0420)
(inputenc)                not set up for use with LaTeX.

See the inputenc package documentation for explanation.
Type  H <return>  for immediate help.
 ...                                              
                                                  
l.5 –†
      –∞—Å–ø–∏—Å–∞–Ω–∏–µ —Ä–æ–ª–µ–π –∫–æ–º–∞–Ω–¥ –Ω–∞–¥–æ —Å–æ—Å—Ç–∞–≤–ª—è—Ç...

You may provide a definition with
\DeclareUnicodeCharacter 


! Package inputenc Error: Unicode character –∞ (U+0430)
(inputenc)                not set up for use with LaTeX.

See the inputenc package documentation for explanation.
Type  H <return>  for immediate help.
 ...                                              
                                                  
l.5 –†–∞
        —Å–ø–∏—Å–∞–Ω–∏–µ —Ä–æ–ª–µ–π –∫–æ–º–∞–Ω–¥ –Ω–∞–¥–æ —Å–æ—Å—Ç–∞–≤–ª—è—Ç...

You may provide a definition with
\DeclareUnicodeCharacter 


! Package inputenc Error: Unicode character —Å (U+0441)
(inputenc)                not set up for use with LaTeX.

See the inputenc package documentation for explanation.
Type  H <return>  for immediate help.
 ...                                              
                                                  
l.5 –†–∞—Å
          –ø–∏—Å–∞–Ω–∏–µ —Ä–æ–ª–µ–π –∫–æ–º–∞–Ω–¥ –Ω–∞–¥–æ —Å–æ—Å—Ç–∞–≤–ª—è—Ç...

You may provide a definition with
\DeclareUnicodeCharacter 


! Package inputenc Error: Unicode character –ø (U+043F)
(inputenc)                not set up for use with LaTeX.

See the inputenc package documentation for explanation.
Type  H <return>  for immediate help.
 ...                                              
                                                  
l.5 –†–∞—Å–ø
            –∏—Å–∞–Ω–∏–µ —Ä–æ–ª–µ–π –∫–æ–º–∞–Ω–¥ –Ω–∞–¥–æ —Å–æ—Å—Ç–∞–≤–ª—è—Ç...

You may provide a definition with
\DeclareUnicodeCharacter 


! Package inputenc Error: Unicode character –∏ (U+0438)
(inputenc)                not set up for use with LaTeX.

See the inputenc package documentation for explanation.
Type  H <return>  for immediate help.
 ...                                              
                                                  
l.5 –†–∞—Å–ø–∏
              —Å–∞–Ω–∏–µ —Ä–æ–ª–µ–π –∫–æ–º–∞–Ω–¥ –Ω–∞–¥–æ —Å–æ—Å—Ç–∞–≤–ª—è—Ç...

You may provide a definition with
\DeclareUnicodeCharacter 


! Package inputenc Error: Unicode character —Å (U+0441)
(inputenc)                not set up for use with LaTeX.

See the inputenc package documentation for explanation.
Type  H <return>  for immediate help.
 ...                                              
                                                  
l.5 –†–∞—Å–ø–∏—Å
                –∞–Ω–∏–µ —Ä–æ–ª–µ–π –∫–æ–º–∞–Ω–¥ –Ω–∞–¥–æ —Å–æ—Å—Ç–∞–≤–ª—è—Ç...

You may provide a definition with
\DeclareUnicodeCharacter 


! Package inputenc Error: Unicode character –∞ (U+0430)
(inputenc)                not set up for use with LaTeX.

See the inputenc package documentation for explanation.
Type  H <return>  for immediate help.
 ...                                              
                                                  
l.5 –†–∞—Å–ø–∏—Å–∞
                  –Ω–∏–µ —Ä–æ–ª–µ–π –∫–æ–º–∞–Ω–¥ –Ω–∞–¥–æ —Å–æ—Å—Ç–∞–≤–ª—è—Ç...

You may provide a definition with
\DeclareUnicodeCharacter 


! Package inputenc Error: Unicode character –Ω (U+043D)
(inputenc)                not set up for use with LaTeX.

See the inputenc package documentation for explanation.
Type  H <return>  for immediate help.
 ...                                              
                                                  
l.5 –†–∞—Å–ø–∏—Å–∞–Ω
                    –∏–µ —Ä–æ–ª–µ–π –∫–æ–º–∞–Ω–¥ –Ω–∞–¥–æ —Å–æ—Å—Ç–∞–≤–ª—è—Ç...

You may provide a definition with
\DeclareUnicodeCharacter 


! Package inputenc Error: Unicode character –∏ (U+0438)
(inputenc)                not set up for use with LaTeX.

See the inputenc package documentation for explanation.
Type  H <return>  for immediate help.
 ...                                              
                                                  
l.5 –†–∞—Å–ø–∏—Å–∞–Ω–∏
                      –µ —Ä–æ–ª–µ–π –∫–æ–º–∞–Ω–¥ –Ω–∞–¥–æ —Å–æ—Å—Ç–∞–≤–ª—è—Ç...

You may provide a definition with
\DeclareUnicodeCharacter 


! Package inputenc Error: Unicode character –µ (U+0435)
(inputenc)                not set up for use with LaTeX.

See the inputenc package documentation for explanation.
Type  H <return>  for immediate help.
 ...                                              
                                                  
l.5 –†–∞—Å–ø–∏—Å–∞–Ω–∏–µ
                         —Ä–æ–ª–µ–π –∫–æ–º–∞–Ω–¥ –Ω–∞–¥–æ —Å–æ—Å—Ç–∞–≤–ª—è—Ç...

You may provide a definition with
\DeclareUnicodeCharacter 


! Package inputenc Error: Unicode character —Ä (U+0440)
(inputenc)                not set up for use with LaTeX.

See the inputenc package documentation for explanation.
Type  H <return>  for immediate help.
 ...                                              
                                                  
l.5 –†–∞—Å–ø–∏—Å–∞–Ω–∏–µ —Ä
                           –æ–ª–µ–π –∫–æ–º–∞–Ω–¥ –Ω–∞–¥–æ —Å–æ—Å—Ç–∞–≤–ª—è—Ç...

You may provide a definition with
\DeclareUnicodeCharacter 


! Package inputenc Error: Unicode character –æ (U+043E)
(inputenc)                not set up for use with LaTeX.

See the inputenc package documentation for explanation.
Type  H <return>  for immediate help.
 ...                                              
                                                  
l.5 –†–∞—Å–ø–∏—Å–∞–Ω–∏–µ —Ä–æ
                             –ª–µ–π –∫–æ–º–∞–Ω–¥ –Ω–∞–¥–æ —Å–æ—Å—Ç–∞–≤–ª—è—Ç...

You may provide a definition with
\DeclareUnicodeCharacter 


! Package inputenc Error: Unicode character –ª (U+043B)
(inputenc)                not set up for use with LaTeX.

See the inputenc package documentation for explanation.
Type  H <return>  for immediate help.
 ...                                              
                                                  
l.5 –†–∞—Å–ø–∏—Å–∞–Ω–∏–µ —Ä–æ–ª
                               –µ–π –∫–æ–º–∞–Ω–¥ –Ω–∞–¥–æ —Å–æ—Å—Ç–∞–≤–ª—è—Ç...

You may provide a definition with
\DeclareUnicodeCharacter 


! Package inputenc Error: Unicode character –µ (U+0435)
(inputenc)                not set up for use with LaTeX.

See the inputenc package documentation for explanation.
Type  H <return>  for immediate help.
 ...                                              
                                                  
l.5 –†–∞—Å–ø–∏—Å–∞–Ω–∏–µ —Ä–æ–ª–µ
                                 –π –∫–æ–º–∞–Ω–¥ –Ω–∞–¥–æ —Å–æ—Å—Ç–∞–≤–ª—è—Ç...

You may provide a definition with
\DeclareUnicodeCharacter 


! Package inputenc Error: Unicode character –π (U+0439)
(inputenc)                not set up for use with LaTeX.

See the inputenc package documentation for explanation.
Type  H <return>  for immediate help.
 ...                                              
                                                  
l.5 –†–∞—Å–ø–∏—Å–∞–Ω–∏–µ —Ä–æ–ª–µ–π
                                    –∫–æ–º–∞–Ω–¥ –Ω–∞–¥–æ —Å–æ—Å—Ç–∞–≤–ª—è—Ç...

You may provide a definition with
\DeclareUnicodeCharacter 


! Package inputenc Error: Unicode character –∫ (U+043A)
(inputenc)                not set up for use with LaTeX.

See the inputenc package documentation for explanation.
Type  H <return>  for immediate help.
 ...                                              
                                                  
l.5 –†–∞—Å–ø–∏—Å–∞–Ω–∏–µ —Ä–æ–ª–µ–π –∫
                                      –æ–º–∞–Ω–¥ –Ω–∞–¥–æ —Å–æ—Å—Ç–∞–≤–ª—è—Ç...

You may provide a definition with
\DeclareUnicodeCharacter 


! Package inputenc Error: Unicode character –æ (U+043E)
(inputenc)                not set up for use with LaTeX.

See the inputenc package documentation for explanation.
Type  H <return>  for immediate help.
 ...                                              
                                                  
l.5 –†–∞—Å–ø–∏—Å–∞–Ω–∏–µ —Ä–æ–ª–µ–π –∫–æ
                                        –º–∞–Ω–¥ –Ω–∞–¥–æ —Å–æ—Å—Ç–∞–≤–ª—è—Ç...

You may provide a definition with
\DeclareUnicodeCharacter 


! Package inputenc Error: Unicode character –º (U+043C)
(inputenc)                not set up for use with LaTeX.

See the inputenc package documentation for explanation.
Type  H <return>  for immediate help.
 ...                                              
                                                  
l.5 –†–∞—Å–ø–∏—Å–∞–Ω–∏–µ —Ä–æ–ª–µ–π –∫–æ–º
                                          –∞–Ω–¥ –Ω–∞–¥–æ —Å–æ—Å—Ç–∞–≤–ª—è—Ç...

You may provide a definition with
\DeclareUnicodeCharacter 


! Package inputenc Error: Unicode character –∞ (U+0430)
(inputenc)                not set up for use with LaTeX.

See the inputenc package documentation for explanation.
Type  H <return>  for immediate help.
 ...                                              
                                                  
l.5 –†–∞—Å–ø–∏—Å–∞–Ω–∏–µ —Ä–æ–ª–µ–π –∫–æ–º–∞
                                            –Ω–¥ –Ω–∞–¥–æ —Å–æ—Å—Ç–∞–≤–ª—è—Ç...

You may provide a definition with
\DeclareUnicodeCharacter 


! Package inputenc Error: Unicode character –Ω (U+043D)
(inputenc)                not set up for use with LaTeX.

See the inputenc package documentation for explanation.
Type  H <return>  for immediate help.
 ...                                              
                                                  
l.5 –†–∞—Å–ø–∏—Å–∞–Ω–∏–µ —Ä–æ–ª–µ–π –∫–æ–º–∞–Ω
                                              –¥ –Ω–∞–¥–æ —Å–æ—Å—Ç–∞–≤–ª—è—Ç...

You may provide a definition with
\DeclareUnicodeCharacter 


! Package inputenc Error: Unicode character –¥ (U+0434)
(inputenc)                not set up for use with LaTeX.

See the inputenc package documentation for explanation.
Type  H <return>  for immediate help.
 ...                                              
                                                  
l.5 –†–∞—Å–ø–∏—Å–∞–Ω–∏–µ —Ä–æ–ª–µ–π –∫–æ–º–∞–Ω–¥
                                                 –Ω–∞–¥–æ —Å–æ—Å—Ç–∞–≤–ª—è—Ç...

You may provide a definition with
\DeclareUnicodeCharacter 


! Package inputenc Error: Unicode character –Ω (U+043D)
(inputenc)                not set up for use with LaTeX.

See the inputenc package documentation for explanation.
Type  H <return>  for immediate help.
 ...                                              
                                                  
l.5 ...—Å–ø–∏—Å–∞–Ω–∏–µ —Ä–æ–ª–µ–π –∫–æ–º–∞–Ω–¥ –Ω
                                                  –∞–¥–æ —Å–æ—Å—Ç–∞–≤–ª—è—Ç—...

You may provide a definition with
\DeclareUnicodeCharacter 


! Package inputenc Error: Unicode character –∞ (U+0430)
(inputenc)                not set up for use with LaTeX.

See the inputenc package documentation for explanation.
Type  H <return>  for immediate help.
 ...                                              
                                                  
l.5 ...–ø–∏—Å–∞–Ω–∏–µ —Ä–æ–ª–µ–π –∫–æ–º–∞–Ω–¥ –Ω–∞
                                                  –¥–æ —Å–æ—Å—Ç–∞–≤–ª—è—Ç—å ...

You may provide a definition with
\DeclareUnicodeCharacter 


! Package inputenc Error: Unicode character –¥ (U+0434)
(inputenc)                not set up for use with LaTeX.

See the inputenc package documentation for explanation.
Type  H <return>  for immediate help.
 ...                                              
                                                  
l.5 ...–∏—Å–∞–Ω–∏–µ —Ä–æ–ª–µ–π –∫–æ–º–∞–Ω–¥ –Ω–∞–¥
                                                  –æ —Å–æ—Å—Ç–∞–≤–ª—è—Ç—å —Ç...

You may provide a definition with
\DeclareUnicodeCharacter 


! Package inputenc Error: Unicode character –æ (U+043E)
(inputenc)                not set up for use with LaTeX.

See the inputenc package documentation for explanation.
Type  H <return>  for immediate help.
 ...                                              
                                                  
l.5 ...—Å–∞–Ω–∏–µ —Ä–æ–ª–µ–π –∫–æ–º–∞–Ω–¥ –Ω–∞–¥–æ
                                                   —Å–æ—Å—Ç–∞–≤–ª—è—Ç—å —Ç–∞...

You may provide a definition with
\DeclareUnicodeCharacter 


! Package inputenc Error: Unicode character —Å (U+0441)
(inputenc)                not set up for use with LaTeX.

See the inputenc package documentation for explanation.
Type  H <return>  for immediate help.
 ...                                              
                                                  
l.5 ...∞–Ω–∏–µ —Ä–æ–ª–µ–π –∫–æ–º–∞–Ω–¥ –Ω–∞–¥–æ —Å
                                                  –æ—Å—Ç–∞–≤–ª—è—Ç—å —Ç–∞–∫,...

You may provide a definition with
\DeclareUnicodeCharacter 


! Package inputenc Error: Unicode character –æ (U+043E)
(inputenc)                not set up for use with LaTeX.

See the inputenc package documentation for explanation.
Type  H <return>  for immediate help.
 ...                                              
                                                  
l.5 ...Ω–∏–µ —Ä–æ–ª–µ–π –∫–æ–º–∞–Ω–¥ –Ω–∞–¥–æ —Å–æ
                                                  —Å—Ç–∞–≤–ª—è—Ç—å —Ç–∞–∫, —...

You may provide a definition with
\DeclareUnicodeCharacter 


! Package inputenc Error: Unicode character —Å (U+0441)
(inputenc)                not set up for use with LaTeX.

See the inputenc package documentation for explanation.
Type  H <return>  for immediate help.
 ...                                              
                                                  
l.5 ...∏–µ —Ä–æ–ª–µ–π –∫–æ–º–∞–Ω–¥ –Ω–∞–¥–æ —Å–æ—Å
                                                  —Ç–∞–≤–ª—è—Ç—å —Ç–∞–∫, —á—...

You may provide a definition with
\DeclareUnicodeCharacter 


! Package inputenc Error: Unicode character —Ç (U+0442)
(inputenc)                not set up for use with LaTeX.

See the inputenc package documentation for explanation.
Type  H <return>  for immediate help.
 ...                                              
                                                  
l.5 ...µ —Ä–æ–ª–µ–π –∫–æ–º–∞–Ω–¥ –Ω–∞–¥–æ —Å–æ—Å—Ç
                                                  –∞–≤–ª—è—Ç—å —Ç–∞–∫, —á—Ç–...

You may provide a definition with
\DeclareUnicodeCharacter 


! Package inputenc Error: Unicode character –∞ (U+0430)
(inputenc)                not set up for use with LaTeX.

See the inputenc package documentation for explanation.
Type  H <return>  for immediate help.
 ...                                              
                                                  
l.5 ...—Ä–æ–ª–µ–π –∫–æ–º–∞–Ω–¥ –Ω–∞–¥–æ —Å–æ—Å—Ç–∞
                                                  –≤–ª—è—Ç—å —Ç–∞–∫, —á—Ç–æ–...

You may provide a definition with
\DeclareUnicodeCharacter 


! Package inputenc Error: Unicode character –≤ (U+0432)
(inputenc)                not set up for use with LaTeX.

See the inputenc package documentation for explanation.
Type  H <return>  for immediate help.
 ...                                              
                                                  
l.5 ...–æ–ª–µ–π –∫–æ–º–∞–Ω–¥ –Ω–∞–¥–æ —Å–æ—Å—Ç–∞–≤
                                                  –ª—è—Ç—å —Ç–∞–∫, —á—Ç–æ–±—...

You may provide a definition with
\DeclareUnicodeCharacter 


! Package inputenc Error: Unicode character –ª (U+043B)
(inputenc)                not set up for use with LaTeX.

See the inputenc package documentation for explanation.
Type  H <return>  for immediate help.
 ...                                              
                                                  
l.5 ...–ª–µ–π –∫–æ–º–∞–Ω–¥ –Ω–∞–¥–æ —Å–æ—Å—Ç–∞–≤–ª
                                                  —è—Ç—å —Ç–∞–∫, —á—Ç–æ–±—ã ...

You may provide a definition with
\DeclareUnicodeCharacter 


! Package inputenc Error: Unicode character —è (U+044F)
(inputenc)                not set up for use with LaTeX.

See the inputenc package documentation for explanation.
Type  H <return>  for immediate help.
 ...                                              
                                                  
l.5 ...–µ–π –∫–æ–º–∞–Ω–¥ –Ω–∞–¥–æ —Å–æ—Å—Ç–∞–≤–ª—è
                                                  —Ç—å —Ç–∞–∫, —á—Ç–æ–±—ã –∫...

You may provide a definition with
\DeclareUnicodeCharacter 


! Package inputenc Error: Unicode character —Ç (U+0442)
(inputenc)                not set up for use with LaTeX.

See the inputenc package documentation for explanation.
Type  H <return>  for immediate help.
 ...                                              
                                                  
l.5 ...–π –∫–æ–º–∞–Ω–¥ –Ω–∞–¥–æ —Å–æ—Å—Ç–∞–≤–ª—è—Ç
                                                  —å —Ç–∞–∫, —á—Ç–æ–±—ã –∫–∞...

You may provide a definition with
\DeclareUnicodeCharacter 


! Package inputenc Error: Unicode character —å (U+044C)
(inputenc)                not set up for use with LaTeX.

See the inputenc package documentation for explanation.
Type  H <return>  for immediate help.
 ...                                              
                                                  
l.5 ... –∫–æ–º–∞–Ω–¥ –Ω–∞–¥–æ —Å–æ—Å—Ç–∞–≤–ª—è—Ç—å
                                                   —Ç–∞–∫, —á—Ç–æ–±—ã –∫–∞–∂...

You may provide a definition with
\DeclareUnicodeCharacter 


! Package inputenc Error: Unicode character —Ç (U+0442)
(inputenc)                not set up for use with LaTeX.

See the inputenc package documentation for explanation.
Type  H <return>  for immediate help.
 ...                                              
                                                  
l.5 ...–æ–º–∞–Ω–¥ –Ω–∞–¥–æ —Å–æ—Å—Ç–∞–≤–ª—è—Ç—å —Ç
                                                  –∞–∫, —á—Ç–æ–±—ã –∫–∞–∂–¥–...

You may provide a definition with
\DeclareUnicodeCharacter 


! Package inputenc Error: Unicode character –∞ (U+0430)
(inputenc)                not set up for use with LaTeX.

See the inputenc package documentation for explanation.
Type  H <return>  for immediate help.
 ...                                              
                                                  
l.5 ...–º–∞–Ω–¥ –Ω–∞–¥–æ —Å–æ—Å—Ç–∞–≤–ª—è—Ç—å —Ç–∞
                                                  –∫, —á—Ç–æ–±—ã –∫–∞–∂–¥–∞—...

You may provide a definition with
\DeclareUnicodeCharacter 


! Package inputenc Error: Unicode character –∫ (U+043A)
(inputenc)                not set up for use with LaTeX.

See the inputenc package documentation for explanation.
Type  H <return>  for immediate help.
 ...                                              
                                                  
l.5 ...–∞–Ω–¥ –Ω–∞–¥–æ —Å–æ—Å—Ç–∞–≤–ª—è—Ç—å —Ç–∞–∫
                                                  , —á—Ç–æ–±—ã –∫–∞–∂–¥–∞—è ...

You may provide a definition with
\DeclareUnicodeCharacter 


! LaTeX Error: Missing \begin{document}.

See the LaTeX manual or LaTeX Companion for explanation.
Type  H <return>  for immediate help.
 ...                                              
                                                  
l.5 ...∞–Ω–¥ –Ω–∞–¥–æ —Å–æ—Å—Ç–∞–≤–ª—è—Ç—å —Ç–∞–∫,
                                                   —á—Ç–æ–±—ã –∫–∞–∂–¥–∞—è –...

You're in trouble here.  Try typing  <return>  to proceed.
If that doesn't work, type  X <return>  to quit.

Missing character: There is no , in font nullfont!

! Package inputenc Error: Unicode character —á (U+0447)
(inputenc)                not set up for use with LaTeX.

See the inputenc package documentation for explanation.
Type  H <return>  for immediate help.
 ...                                              
                                                  
l.5 ...–¥ –Ω–∞–¥–æ —Å–æ—Å—Ç–∞–≤–ª—è—Ç—å —Ç–∞–∫, —á
                                                  —Ç–æ–±—ã –∫–∞–∂–¥–∞—è –∫–æ...

You may provide a definition with
\DeclareUnicodeCharacter 


! Package inputenc Error: Unicode character —Ç (U+0442)
(inputenc)                not set up for use with LaTeX.

See the inputenc package documentation for explanation.
Type  H <return>  for immediate help.
 ...                                              
                                                  
l.5 ... –Ω–∞–¥–æ —Å–æ—Å—Ç–∞–≤–ª—è—Ç—å —Ç–∞–∫, —á—Ç
                                                  –æ–±—ã –∫–∞–∂–¥–∞—è –∫–æ–º...

You may provide a definition with
\DeclareUnicodeCharacter 


! Package inputenc Error: Unicode character –æ (U+043E)
(inputenc)                not set up for use with LaTeX.

See the inputenc package documentation for explanation.
Type  H <return>  for immediate help.
 ...                                              
                                                  
l.5 ...Ω–∞–¥–æ —Å–æ—Å—Ç–∞–≤–ª—è—Ç—å —Ç–∞–∫, —á—Ç–æ
                                                  –±—ã –∫–∞–∂–¥–∞—è –∫–æ–º–∞...

You may provide a definition with
\DeclareUnicodeCharacter 


! Package inputenc Error: Unicode character –± (U+0431)
(inputenc)                not set up for use with LaTeX.

See the inputenc package documentation for explanation.
Type  H <return>  for immediate help.
 ...                                              
                                                  
l.5 ...∞–¥–æ —Å–æ—Å—Ç–∞–≤–ª—è—Ç—å —Ç–∞–∫, —á—Ç–æ–±
                                                  —ã –∫–∞–∂–¥–∞—è –∫–æ–º–∞–Ω...

You may provide a definition with
\DeclareUnicodeCharacter 


! Package inputenc Error: Unicode character —ã (U+044B)
(inputenc)                not set up for use with LaTeX.

See the inputenc package documentation for explanation.
Type  H <return>  for immediate help.
 ...                                              
                                                  
l.5 ...¥–æ —Å–æ—Å—Ç–∞–≤–ª—è—Ç—å —Ç–∞–∫, —á—Ç–æ–±—ã
                                                   –∫–∞–∂–¥–∞—è –∫–æ–º–∞–Ω–¥...

You may provide a definition with
\DeclareUnicodeCharacter 


! Package inputenc Error: Unicode character –∫ (U+043A)
(inputenc)                not set up for use with LaTeX.

See the inputenc package documentation for explanation.
Type  H <return>  for immediate help.
 ...                                              
                                                  
l.5 ... —Å–æ—Å—Ç–∞–≤–ª—è—Ç—å —Ç–∞–∫, —á—Ç–æ–±—ã –∫
                                                  –∞–∂–¥–∞—è –∫–æ–º–∞–Ω–¥–∞ ...

You may provide a definition with
\DeclareUnicodeCharacter 


! Package inputenc Error: Unicode character –∞ (U+0430)
(inputenc)                not set up for use with LaTeX.

See the inputenc package documentation for explanation.
Type  H <return>  for immediate help.
 ...                                              
                                                  
l.5 ...Å–æ—Å—Ç–∞–≤–ª—è—Ç—å —Ç–∞–∫, —á—Ç–æ–±—ã –∫–∞
                                                  –∂–¥–∞—è –∫–æ–º–∞–Ω–¥–∞ –º...

You may provide a definition with
\DeclareUnicodeCharacter 


! Package inputenc Error: Unicode character –∂ (U+0436)
(inputenc)                not set up for use with LaTeX.

See the inputenc package documentation for explanation.
Type  H <return>  for immediate help.
 ...                                              
                                                  
l.5 ...æ—Å—Ç–∞–≤–ª—è—Ç—å —Ç–∞–∫, —á—Ç–æ–±—ã –∫–∞–∂
                                                  –¥–∞—è –∫–æ–º–∞–Ω–¥–∞ –º–æ...

You may provide a definition with
\DeclareUnicodeCharacter 


! Package inputenc Error: Unicode character –¥ (U+0434)
(inputenc)                not set up for use with LaTeX.

See the inputenc package documentation for explanation.
Type  H <return>  for immediate help.
 ...                                              
                                                  
l.5 ...Å—Ç–∞–≤–ª—è—Ç—å —Ç–∞–∫, —á—Ç–æ–±—ã –∫–∞–∂–¥
                                                  –∞—è –∫–æ–º–∞–Ω–¥–∞ –º–æ–≥...

You may provide a definition with
\DeclareUnicodeCharacter 


! Package inputenc Error: Unicode character –∞ (U+0430)
(inputenc)                not set up for use with LaTeX.

See the inputenc package documentation for explanation.
Type  H <return>  for immediate help.
 ...                                              
                                                  
l.5 ...Ç–∞–≤–ª—è—Ç—å —Ç–∞–∫, —á—Ç–æ–±—ã –∫–∞–∂–¥–∞
                                                  —è –∫–æ–º–∞–Ω–¥–∞ –º–æ–≥–ª...

You may provide a definition with
\DeclareUnicodeCharacter 


! Package inputenc Error: Unicode character —è (U+044F)
(inputenc)                not set up for use with LaTeX.

See the inputenc package documentation for explanation.
Type  H <return>  for immediate help.
 ...                                              
                                                  
l.5 ...∞–≤–ª—è—Ç—å —Ç–∞–∫, —á—Ç–æ–±—ã –∫–∞–∂–¥–∞—è
                                                   –∫–æ–º–∞–Ω–¥–∞ –º–æ–≥–ª–∞...

You may provide a definition with
\DeclareUnicodeCharacter 


! Package inputenc Error: Unicode character –∫ (U+043A)
(inputenc)                not set up for use with LaTeX.

See the inputenc package documentation for explanation.
Type  H <return>  for immediate help.
 ...                                              
                                                  
l.5 ...–ª—è—Ç—å —Ç–∞–∫, —á—Ç–æ–±—ã –∫–∞–∂–¥–∞—è –∫
                                                  –æ–º–∞–Ω–¥–∞ –º–æ–≥–ª–∞ –≤...

You may provide a definition with
\DeclareUnicodeCharacter 


! Package inputenc Error: Unicode character –æ (U+043E)
(inputenc)                not set up for use with LaTeX.

See the inputenc package documentation for explanation.
Type  H <return>  for immediate help.
 ...                                              
                                                  
l.5 ...—è—Ç—å —Ç–∞–∫, —á—Ç–æ–±—ã –∫–∞–∂–¥–∞—è –∫–æ
                                                  –º–∞–Ω–¥–∞ –º–æ–≥–ª–∞ –≤—ã...

You may provide a definition with
\DeclareUnicodeCharacter 


! Package inputenc Error: Unicode character –º (U+043C)
(inputenc)                not set up for use with LaTeX.

See the inputenc package documentation for explanation.
Type  H <return>  for immediate help.
 ...                                              
                                                  
l.5 ...—Ç—å —Ç–∞–∫, —á—Ç–æ–±—ã –∫–∞–∂–¥–∞—è –∫–æ–º
                                                  –∞–Ω–¥–∞ –º–æ–≥–ª–∞ –≤—ã–∑...

You may provide a definition with
\DeclareUnicodeCharacter 


! Package inputenc Error: Unicode character –∞ (U+0430)
(inputenc)                not set up for use with LaTeX.

See the inputenc package documentation for explanation.
Type  H <return>  for immediate help.
 ...                                              
                                                  
l.5 ...—å —Ç–∞–∫, —á—Ç–æ–±—ã –∫–∞–∂–¥–∞—è –∫–æ–º–∞
                                                  –Ω–¥–∞ –º–æ–≥–ª–∞ –≤—ã–∑–≤...

You may provide a definition with
\DeclareUnicodeCharacter 


! Package inputenc Error: Unicode character –Ω (U+043D)
(inputenc)                not set up for use with LaTeX.

See the inputenc package documentation for explanation.
Type  H <return>  for immediate help.
 ...                                              
                                                  
l.5 ... —Ç–∞–∫, —á—Ç–æ–±—ã –∫–∞–∂–¥–∞—è –∫–æ–º–∞–Ω
                                                  –¥–∞ –º–æ–≥–ª–∞ –≤—ã–∑–≤–∞...

You may provide a definition with
\DeclareUnicodeCharacter 


! Package inputenc Error: Unicode character –¥ (U+0434)
(inputenc)                not set up for use with LaTeX.

See the inputenc package documentation for explanation.
Type  H <return>  for immediate help.
 ...                                              
                                                  
l.5 ...Ç–∞–∫, —á—Ç–æ–±—ã –∫–∞–∂–¥–∞—è –∫–æ–º–∞–Ω–¥
                                                  –∞ –º–æ–≥–ª–∞ –≤—ã–∑–≤–∞—Ç...

You may provide a definition with
\DeclareUnicodeCharacter 


! Package inputenc Error: Unicode character –∞ (U+0430)
(inputenc)                not set up for use with LaTeX.

See the inputenc package documentation for explanation.
Type  H <return>  for immediate help.
 ...                                              
                                                  
l.5 ...∞–∫, —á—Ç–æ–±—ã –∫–∞–∂–¥–∞—è –∫–æ–º–∞–Ω–¥–∞
                                                   –º–æ–≥–ª–∞ –≤—ã–∑–≤–∞—Ç—å...

You may provide a definition with
\DeclareUnicodeCharacter 


! Package inputenc Error: Unicode character –º (U+043C)
(inputenc)                not set up for use with LaTeX.

See the inputenc package documentation for explanation.
Type  H <return>  for immediate help.
 ...                                              
                                                  
l.5 ..., —á—Ç–æ–±—ã –∫–∞–∂–¥–∞—è –∫–æ–º–∞–Ω–¥–∞ –º
                                                  –æ–≥–ª–∞ –≤—ã–∑–≤–∞—Ç—å –∫...

You may provide a definition with
\DeclareUnicodeCharacter 


! Package inputenc Error: Unicode character –æ (U+043E)
(inputenc)                not set up for use with LaTeX.

See the inputenc package documentation for explanation.
Type  H <return>  for immediate help.
 ...                                              
                                                  
l.5 ...—á—Ç–æ–±—ã –∫–∞–∂–¥–∞—è –∫–æ–º–∞–Ω–¥–∞ –º–æ
                                                  –≥–ª–∞ –≤—ã–∑–≤–∞—Ç—å –∫–∞...

You may provide a definition with
\DeclareUnicodeCharacter 


! Package inputenc Error: Unicode character –≥ (U+0433)
(inputenc)                not set up for use with LaTeX.

See the inputenc package documentation for explanation.
Type  H <return>  for immediate help.
 ...                                              
                                                  
l.5 ...—Ç–æ–±—ã –∫–∞–∂–¥–∞—è –∫–æ–º–∞–Ω–¥–∞ –º–æ–≥
                                                  –ª–∞ –≤—ã–∑–≤–∞—Ç—å –∫–∞–∂...

You may provide a definition with
\DeclareUnicodeCharacter 


! Package inputenc Error: Unicode character –ª (U+043B)
(inputenc)                not set up for use with LaTeX.

See the inputenc package documentation for explanation.
Type  H <return>  for immediate help.
 ...                                              
                                                  
l.5 ...–æ–±—ã –∫–∞–∂–¥–∞—è –∫–æ–º–∞–Ω–¥–∞ –º–æ–≥–ª
                                                  –∞ –≤—ã–∑–≤–∞—Ç—å –∫–∞–∂–¥...

You may provide a definition with
\DeclareUnicodeCharacter 


! Package inputenc Error: Unicode character –∞ (U+0430)
(inputenc)                not set up for use with LaTeX.

See the inputenc package documentation for explanation.
Type  H <return>  for immediate help.
 ...                                              
                                                  
l.5 ...–±—ã –∫–∞–∂–¥–∞—è –∫–æ–º–∞–Ω–¥–∞ –º–æ–≥–ª–∞
                                                   –≤—ã–∑–≤–∞—Ç—å –∫–∞–∂–¥—É...

You may provide a definition with
\DeclareUnicodeCharacter 


! Package inputenc Error: Unicode character –≤ (U+0432)
(inputenc)                not set up for use with LaTeX.

See the inputenc package documentation for explanation.
Type  H <return>  for immediate help.
 ...                                              
                                                  
l.5 ...ã –∫–∞–∂–¥–∞—è –∫–æ–º–∞–Ω–¥–∞ –º–æ–≥–ª–∞ –≤
                                                  —ã–∑–≤–∞—Ç—å –∫–∞–∂–¥—É—é ...

You may provide a definition with
\DeclareUnicodeCharacter 


! Package inputenc Error: Unicode character —ã (U+044B)
(inputenc)                not set up for use with LaTeX.

See the inputenc package documentation for explanation.
Type  H <return>  for immediate help.
 ...                                              
                                                  
l.5 ...–∫–∞–∂–¥–∞—è –∫–æ–º–∞–Ω–¥–∞ –º–æ–≥–ª–∞ –≤—ã
                                                  –∑–≤–∞—Ç—å –∫–∞–∂–¥—É—é –¥...

You may provide a definition with
\DeclareUnicodeCharacter 


! Package inputenc Error: Unicode character –∑ (U+0437)
(inputenc)                not set up for use with LaTeX.

See the inputenc package documentation for explanation.
Type  H <return>  for immediate help.
 ...                                              
                                                  
l.5 ...–∞–∂–¥–∞—è –∫–æ–º–∞–Ω–¥–∞ –º–æ–≥–ª–∞ –≤—ã–∑
                                                  –≤–∞—Ç—å –∫–∞–∂–¥—É—é –¥—Ä...

You may provide a definition with
\DeclareUnicodeCharacter 


! Package inputenc Error: Unicode character –≤ (U+0432)
(inputenc)                not set up for use with LaTeX.

See the inputenc package documentation for explanation.
Type  H <return>  for immediate help.
 ...                                              
                                                  
l.5 ...–∂–¥–∞—è –∫–æ–º–∞–Ω–¥–∞ –º–æ–≥–ª–∞ –≤—ã–∑–≤
                                                  –∞—Ç—å –∫–∞–∂–¥—É—é –¥—Ä—É...

You may provide a definition with
\DeclareUnicodeCharacter 


! Package inputenc Error: Unicode character –∞ (U+0430)
(inputenc)                not set up for use with LaTeX.

See the inputenc package documentation for explanation.
Type  H <return>  for immediate help.
 ...                                              
                                                  
l.5 ...–¥–∞—è –∫–æ–º–∞–Ω–¥–∞ –º–æ–≥–ª–∞ –≤—ã–∑–≤–∞
                                                  —Ç—å –∫–∞–∂–¥—É—é –¥—Ä—É–≥...

You may provide a definition with
\DeclareUnicodeCharacter 


! Package inputenc Error: Unicode character —Ç (U+0442)
(inputenc)                not set up for use with LaTeX.

See the inputenc package documentation for explanation.
Type  H <return>  for immediate help.
 ...                                              
                                                  
l.5 ...–∞—è –∫–æ–º–∞–Ω–¥–∞ –º–æ–≥–ª–∞ –≤—ã–∑–≤–∞—Ç
                                                  —å –∫–∞–∂–¥—É—é –¥—Ä—É–≥—É—é.

You may provide a definition with
\DeclareUnicodeCharacter 


! Package inputenc Error: Unicode character —å (U+044C)
(inputenc)                not set up for use with LaTeX.

See the inputenc package documentation for explanation.
Type  H <return>  for immediate help.
 ...                                              
                                                  
l.5 ...—è –∫–æ–º–∞–Ω–¥–∞ –º–æ–≥–ª–∞ –≤—ã–∑–≤–∞—Ç—å
                                                   –∫–∞–∂–¥—É—é –¥—Ä—É–≥—É—é.
You may provide a definition with
\DeclareUnicodeCharacter 


! Package inputenc Error: Unicode character –∫ (U+043A)
(inputenc)                not set up for use with LaTeX.

See the inputenc package documentation for explanation.
Type  H <return>  for immediate help.
 ...                                              
                                                  
l.5 ...–∫–æ–º–∞–Ω–¥–∞ –º–æ–≥–ª–∞ –≤—ã–∑–≤–∞—Ç—å –∫
                                                  –∞–∂–¥—É—é –¥—Ä—É–≥—É—é.
You may provide a definition with
\DeclareUnicodeCharacter 


! Package inputenc Error: Unicode character –∞ (U+0430)
(inputenc)                not set up for use with LaTeX.

See the inputenc package documentation for explanation.
Type  H <return>  for immediate help.
 ...                                              
                                                  
l.5 ...–æ–º–∞–Ω–¥–∞ –º–æ–≥–ª–∞ –≤—ã–∑–≤–∞—Ç—å –∫–∞
                                                  –∂–¥—É—é –¥—Ä—É–≥—É—é.
You may provide a definition with
\DeclareUnicodeCharacter 


! Package inputenc Error: Unicode character –∂ (U+0436)
(inputenc)                not set up for use with LaTeX.

See the inputenc package documentation for explanation.
Type  H <return>  for immediate help.
 ...                                              
                                                  
l.5 ...–º–∞–Ω–¥–∞ –º–æ–≥–ª–∞ –≤—ã–∑–≤–∞—Ç—å –∫–∞–∂
                                                  –¥—É—é –¥—Ä—É–≥—É—é.
You may provide a definition with
\DeclareUnicodeCharacter 


! Package inputenc Error: Unicode character –¥ (U+0434)
(inputenc)                not set up for use with LaTeX.

See the inputenc package documentation for explanation.
Type  H <return>  for immediate help.
 ...                                              
                                                  
l.5 ...–∞–Ω–¥–∞ –º–æ–≥–ª–∞ –≤—ã–∑–≤–∞—Ç—å –∫–∞–∂–¥
                                                  —É—é –¥—Ä—É–≥—É—é.
You may provide a definition with
\DeclareUnicodeCharacter 


! Package inputenc Error: Unicode character —É (U+0443)
(inputenc)                not set up for use with LaTeX.

See the inputenc package documentation for explanation.
Type  H <return>  for immediate help.
 ...                                              
                                                  
l.5 ...–Ω–¥–∞ –º–æ–≥–ª–∞ –≤—ã–∑–≤–∞—Ç—å –∫–∞–∂–¥—É
                                                  —é –¥—Ä—É–≥—É—é.
You may provide a definition with
\DeclareUnicodeCharacter 


! Package inputenc Error: Unicode character —é (U+044E)
(inputenc)                not set up for use with LaTeX.

See the inputenc package documentation for explanation.
Type  H <return>  for immediate help.
 ...                                              
                                                  
l.5 ...–¥–∞ –º–æ–≥–ª–∞ –≤—ã–∑–≤–∞—Ç—å –∫–∞–∂–¥—É—é
                                                   –¥—Ä—É–≥—É—é.
You may provide a definition with
\DeclareUnicodeCharacter 


! Package inputenc Error: Unicode character –¥ (U+0434)
(inputenc)                not set up for use with LaTeX.

See the inputenc package documentation for explanation.
Type  H <return>  for immediate help.
 ...                                              
                                                  
l.5 ...∞ –º–æ–≥–ª–∞ –≤—ã–∑–≤–∞—Ç—å –∫–∞–∂–¥—É—é –¥
                                                  —Ä—É–≥—É—é.
You may provide a definition with
\DeclareUnicodeCharacter 


! Package inputenc Error: Unicode character —Ä (U+0440)
(inputenc)                not set up for use with LaTeX.

See the inputenc package documentation for explanation.
Type  H <return>  for immediate help.
 ...                                              
                                                  
l.5 ...–º–æ–≥–ª–∞ –≤—ã–∑–≤–∞—Ç—å –∫–∞–∂–¥—É—é –¥—Ä
                                                  —É–≥—É—é.
You may provide a definition with
\DeclareUnicodeCharacter 


! Package inputenc Error: Unicode character —É (U+0443)
(inputenc)                not set up for use with LaTeX.

See the inputenc package documentation for explanation.
Type  H <return>  for immediate help.
 ...                                              
                                                  
l.5 ...–æ–≥–ª–∞ –≤—ã–∑–≤–∞—Ç—å –∫–∞–∂–¥—É—é –¥—Ä—É
                                                  –≥—É—é.
You may provide a definition with
\DeclareUnicodeCharacter 


! Package inputenc Error: Unicode character –≥ (U+0433)
(inputenc)                not set up for use with LaTeX.

See the inputenc package documentation for explanation.
Type  H <return>  for immediate help.
 ...                                              
                                                  
l.5 ...–≥–ª–∞ –≤—ã–∑–≤–∞—Ç—å –∫–∞–∂–¥—É—é –¥—Ä—É–≥
                                                  —É—é.
You may provide a definition with
\DeclareUnicodeCharacter 


! Package inputenc Error: Unicode character —É (U+0443)
(inputenc)                not set up for use with LaTeX.

See the inputenc package documentation for explanation.
Type  H <return>  for immediate help.
 ...                                              
                                                  
l.5 ...–ª–∞ –≤—ã–∑–≤–∞—Ç—å –∫–∞–∂–¥—É—é –¥—Ä—É–≥—É
                                                  —é.
You may provide a definition with
\DeclareUnicodeCharacter 


! Package inputenc Error: Unicode character —é (U+044E)
(inputenc)                not set up for use with LaTeX.

See the inputenc package documentation for explanation.
Type  H <return>  for immediate help.
 ...                                              
                                                  
l.5 ...–∞ –≤—ã–∑–≤–∞—Ç—å –∫–∞–∂–¥—É—é –¥—Ä—É–≥—É—é
                                                  .
You may provide a definition with
\DeclareUnicodeCharacter 

Missing character: There is no . in font nullfont!

! Package inputenc Error: Unicode character –ï (U+0415)
(inputenc)                not set up for use with LaTeX.

See the inputenc package documentation for explanation.
Type  H <return>  for immediate help.
 ...                                              
                                                  
l.6 –ï
      —Å–ª–∏ –±–æ–π –≤–µ–¥–µ—Ç—Å—è –ø–æ 6 (–∏–ª–∏ 12) –∑–∞–¥–∞—á–∞–º, —Ç–æ –...

You may provide a definition with
\DeclareUnicodeCharacter 


! Package inputenc Error: Unicode character —Å (U+0441)
(inputenc)                not set up for use with LaTeX.

See the inputenc package documentation for explanation.
Type  H <return>  for immediate help.
 ...                                              
                                                  
l.6 –ï—Å
        –ª–∏ –±–æ–π –≤–µ–¥–µ—Ç—Å—è –ø–æ 6 (–∏–ª–∏ 12) –∑–∞–¥–∞—á–∞–º, —Ç–æ –...

You may provide a definition with
\DeclareUnicodeCharacter 


! Package inputenc Error: Unicode character –ª (U+043B)
(inputenc)                not set up for use with LaTeX.

See the inputenc package documentation for explanation.
Type  H <return>  for immediate help.
 ...                                              
                                                  
l.6 –ï—Å–ª
          –∏ –±–æ–π –≤–µ–¥–µ—Ç—Å—è –ø–æ 6 (–∏–ª–∏ 12) –∑–∞–¥–∞—á–∞–º, —Ç–æ –...

You may provide a definition with
\DeclareUnicodeCharacter 


! Package inputenc Error: Unicode character –∏ (U+0438)
(inputenc)                not set up for use with LaTeX.

See the inputenc package documentation for explanation.
Type  H <return>  for immediate help.
 ...                                              
                                                  
l.6 –ï—Å–ª–∏
             –±–æ–π –≤–µ–¥–µ—Ç—Å—è –ø–æ 6 (–∏–ª–∏ 12) –∑–∞–¥–∞—á–∞–º, —Ç–æ –...

You may provide a definition with
\DeclareUnicodeCharacter 


! Package inputenc Error: Unicode character –± (U+0431)
(inputenc)                not set up for use with LaTeX.

See the inputenc package documentation for explanation.
Type  H <return>  for immediate help.
 ...                                              
                                                  
l.6 –ï—Å–ª–∏ –±
               –æ–π –≤–µ–¥–µ—Ç—Å—è –ø–æ 6 (–∏–ª–∏ 12) –∑–∞–¥–∞—á–∞–º, —Ç–æ –...

You may provide a definition with
\DeclareUnicodeCharacter 


! Package inputenc Error: Unicode character –æ (U+043E)
(inputenc)                not set up for use with LaTeX.

See the inputenc package documentation for explanation.
Type  H <return>  for immediate help.
 ...                                              
                                                  
l.6 –ï—Å–ª–∏ –±–æ
                 –π –≤–µ–¥–µ—Ç—Å—è –ø–æ 6 (–∏–ª–∏ 12) –∑–∞–¥–∞—á–∞–º, —Ç–æ –...

You may provide a definition with
\DeclareUnicodeCharacter 


! Package inputenc Error: Unicode character –π (U+0439)
(inputenc)                not set up for use with LaTeX.

See the inputenc package documentation for explanation.
Type  H <return>  for immediate help.
 ...                                              
                                                  
l.6 –ï—Å–ª–∏ –±–æ–π
                    –≤–µ–¥–µ—Ç—Å—è –ø–æ 6 (–∏–ª–∏ 12) –∑–∞–¥–∞—á–∞–º, —Ç–æ –...

You may provide a definition with
\DeclareUnicodeCharacter 


! Package inputenc Error: Unicode character –≤ (U+0432)
(inputenc)                not set up for use with LaTeX.

See the inputenc package documentation for explanation.
Type  H <return>  for immediate help.
 ...                                              
                                                  
l.6 –ï—Å–ª–∏ –±–æ–π –≤
                      –µ–¥–µ—Ç—Å—è –ø–æ 6 (–∏–ª–∏ 12) –∑–∞–¥–∞—á–∞–º, —Ç–æ –...

You may provide a definition with
\DeclareUnicodeCharacter 


! Package inputenc Error: Unicode character –µ (U+0435)
(inputenc)                not set up for use with LaTeX.

See the inputenc package documentation for explanation.
Type  H <return>  for immediate help.
 ...                                              
                                                  
l.6 –ï—Å–ª–∏ –±–æ–π –≤–µ
                        –¥–µ—Ç—Å—è –ø–æ 6 (–∏–ª–∏ 12) –∑–∞–¥–∞—á–∞–º, —Ç–æ –...

You may provide a definition with
\DeclareUnicodeCharacter 


! Package inputenc Error: Unicode character –¥ (U+0434)
(inputenc)                not set up for use with LaTeX.

See the inputenc package documentation for explanation.
Type  H <return>  for immediate help.
 ...                                              
                                                  
l.6 –ï—Å–ª–∏ –±–æ–π –≤–µ–¥
                          –µ—Ç—Å—è –ø–æ 6 (–∏–ª–∏ 12) –∑–∞–¥–∞—á–∞–º, —Ç–æ –...

You may provide a definition with
\DeclareUnicodeCharacter 


! Package inputenc Error: Unicode character –µ (U+0435)
(inputenc)                not set up for use with LaTeX.

See the inputenc package documentation for explanation.
Type  H <return>  for immediate help.
 ...                                              
                                                  
l.6 –ï—Å–ª–∏ –±–æ–π –≤–µ–¥–µ
                            —Ç—Å—è –ø–æ 6 (–∏–ª–∏ 12) –∑–∞–¥–∞—á–∞–º, —Ç–æ –...

You may provide a definition with
\DeclareUnicodeCharacter 


! Package inputenc Error: Unicode character —Ç (U+0442)
(inputenc)                not set up for use with LaTeX.

See the inputenc package documentation for explanation.
Type  H <return>  for immediate help.
 ...                                              
                                                  
l.6 –ï—Å–ª–∏ –±–æ–π –≤–µ–¥–µ—Ç
                              —Å—è –ø–æ 6 (–∏–ª–∏ 12) –∑–∞–¥–∞—á–∞–º, —Ç–æ –...

You may provide a definition with
\DeclareUnicodeCharacter 


! Package inputenc Error: Unicode character —Å (U+0441)
(inputenc)                not set up for use with LaTeX.

See the inputenc package documentation for explanation.
Type  H <return>  for immediate help.
 ...                                              
                                                  
l.6 –ï—Å–ª–∏ –±–æ–π –≤–µ–¥–µ—Ç—Å
                                —è –ø–æ 6 (–∏–ª–∏ 12) –∑–∞–¥–∞—á–∞–º, —Ç–æ –...

You may provide a definition with
\DeclareUnicodeCharacter 


! Package inputenc Error: Unicode character —è (U+044F)
(inputenc)                not set up for use with LaTeX.

See the inputenc package documentation for explanation.
Type  H <return>  for immediate help.
 ...                                              
                                                  
l.6 –ï—Å–ª–∏ –±–æ–π –≤–µ–¥–µ—Ç—Å—è
                                   –ø–æ 6 (–∏–ª–∏ 12) –∑–∞–¥–∞—á–∞–º, —Ç–æ –...

You may provide a definition with
\DeclareUnicodeCharacter 


! Package inputenc Error: Unicode character –ø (U+043F)
(inputenc)                not set up for use with LaTeX.

See the inputenc package documentation for explanation.
Type  H <return>  for immediate help.
 ...                                              
                                                  
l.6 –ï—Å–ª–∏ –±–æ–π –≤–µ–¥–µ—Ç—Å—è –ø
                                     –æ 6 (–∏–ª–∏ 12) –∑–∞–¥–∞—á–∞–º, —Ç–æ –...

You may provide a definition with
\DeclareUnicodeCharacter 


! Package inputenc Error: Unicode character –æ (U+043E)
(inputenc)                not set up for use with LaTeX.

See the inputenc package documentation for explanation.
Type  H <return>  for immediate help.
 ...                                              
                                                  
l.6 –ï—Å–ª–∏ –±–æ–π –≤–µ–¥–µ—Ç—Å—è –ø–æ
                                        6 (–∏–ª–∏ 12) –∑–∞–¥–∞—á–∞–º, —Ç–æ –...

You may provide a definition with
\DeclareUnicodeCharacter 

Missing character: There is no 6 in font nullfont!
Missing character: There is no ( in font nullfont!

! Package inputenc Error: Unicode character –∏ (U+0438)
(inputenc)                not set up for use with LaTeX.

See the inputenc package documentation for explanation.
Type  H <return>  for immediate help.
 ...                                              
                                                  
l.6 –ï—Å–ª–∏ –±–æ–π –≤–µ–¥–µ—Ç—Å—è –ø–æ 6 (–∏
                                             –ª–∏ 12) –∑–∞–¥–∞—á–∞–º, —Ç–æ –...

You may provide a definition with
\DeclareUnicodeCharacter 


! Package inputenc Error: Unicode character –ª (U+043B)
(inputenc)                not set up for use with LaTeX.

See the inputenc package documentation for explanation.
Type  H <return>  for immediate help.
 ...                                              
                                                  
l.6 –ï—Å–ª–∏ –±–æ–π –≤–µ–¥–µ—Ç—Å—è –ø–æ 6 (–∏–ª
                                               –∏ 12) –∑–∞–¥–∞—á–∞–º, —Ç–æ –...

You may provide a definition with
\DeclareUnicodeCharacter 


! Package inputenc Error: Unicode character –∏ (U+0438)
(inputenc)                not set up for use with LaTeX.

See the inputenc package documentation for explanation.
Type  H <return>  for immediate help.
 ...                                              
                                                  
l.6 –ï—Å–ª–∏ –±–æ–π –≤–µ–¥–µ—Ç—Å—è –ø–æ 6 (–∏–ª–∏
                                                  12) –∑–∞–¥–∞—á–∞–º, —Ç–æ –...
(That makes 100 errors; please try again.) 
Here is how much of TeX's memory you used:
 45 strings out of 481239
 722 string characters out of 5920376
 236564 words of memory out of 5000000
 15413 multiletter control sequences out of 15000+600000
 532338 words of font info for 24 fonts, out of 8000000 for 9000
 1141 hyphenation exceptions out of 8191
 12i,0n,15p,197b,45s stack positions out of 5000i,500n,10000p,200000b,80000s

!  ==> Fatal error occurred, no output PDF file produced!
